2016-04-26 20:43:56,211 - Starting Apache Velocity v1.5 (compiled: 2007-02-22 08:52:29)
2016-04-26 20:43:56,211 - Default Properties File: org/apache/velocity/runtime/defaults/velocity.properties
2016-04-26 20:43:56,211 - Trying to use logger class org.apache.velocity.runtime.log.AvalonLogChute
2016-04-26 20:43:56,211 - Couldn't find class org.apache.velocity.runtime.log.AvalonLogChute or necessary supporting classes in classpath.
java.lang.NoClassDefFoundError: org/apache/log/format/Formatter
	at java.lang.Class.forName0(Native Method)
	at java.lang.Class.forName(Class.java:348)
	at org.apache.velocity.util.ClassUtils.getClass(ClassUtils.java:63)
	at org.apache.velocity.util.ClassUtils.getNewInstance(ClassUtils.java:95)
	at org.apache.velocity.runtime.log.LogManager.createLogChute(LogManager.java:147)
	at org.apache.velocity.runtime.log.LogManager.updateLog(LogManager.java:208)
	at org.apache.velocity.runtime.RuntimeInstance.initializeLog(RuntimeInstance.java:728)
	at org.apache.velocity.runtime.RuntimeInstance.init(RuntimeInstance.java:240)
	at org.apache.velocity.runtime.RuntimeInstance.init(RuntimeInstance.java:534)
	at org.apache.velocity.app.VelocityEngine.init(VelocityEngine.java:144)
	at com.amazonaws.mturk.addon.HITQuestion.<init>(HITQuestion.java:69)
	at com.amazonaws.mturk.cmd.LoadHITs.loadHITs(LoadHITs.java:185)
	at com.amazonaws.mturk.cmd.LoadHITs.runCommand(LoadHITs.java:120)
	at com.amazonaws.mturk.cmd.AbstractCmd.run(AbstractCmd.java:148)
	at com.amazonaws.mturk.cmd.LoadHITs.main(LoadHITs.java:55)
Caused by: java.lang.ClassNotFoundException: org.apache.log.format.Formatter
	at java.net.URLClassLoader.findClass(URLClassLoader.java:381)
	at java.lang.ClassLoader.loadClass(ClassLoader.java:424)
	at sun.misc.Launcher$AppClassLoader.loadClass(Launcher.java:331)
	at java.lang.ClassLoader.loadClass(ClassLoader.java:357)
	... 15 more
2016-04-26 20:43:56,213 - Trying to use logger class org.apache.velocity.runtime.log.Log4JLogChute
2016-04-26 20:43:56,213 - Using logger class org.apache.velocity.runtime.log.Log4JLogChute
2016-04-26 20:43:56,219 - Default ResourceManager initializing. (class org.apache.velocity.runtime.resource.ResourceManagerImpl)
2016-04-26 20:43:56,223 - ResourceLoader instantiated: org.apache.velocity.runtime.resource.loader.FileResourceLoader
2016-04-26 20:43:56,225 - Do unicode file recognition:  false
2016-04-26 20:43:56,225 - FileResourceLoader : adding path '../samples/simple_survey/newDir6'
2016-04-26 20:43:56,242 - ResourceCache: initialized (class org.apache.velocity.runtime.resource.ResourceCacheImpl)
2016-04-26 20:43:56,243 - Loaded System Directive: org.apache.velocity.runtime.directive.Literal
2016-04-26 20:43:56,244 - Loaded System Directive: org.apache.velocity.runtime.directive.Macro
2016-04-26 20:43:56,245 - Loaded System Directive: org.apache.velocity.runtime.directive.Parse
2016-04-26 20:43:56,246 - Loaded System Directive: org.apache.velocity.runtime.directive.Include
2016-04-26 20:43:56,247 - Loaded System Directive: org.apache.velocity.runtime.directive.Foreach
2016-04-26 20:43:56,267 - Created '20' parsers.
2016-04-26 20:43:56,272 - Velocimacro : "velocimacro.library" is not set.  Trying default library: VM_global_library.vm
2016-04-26 20:43:56,272 - Velocimacro : Default library not found.
2016-04-26 20:43:56,272 - Velocimacro : allowInline = true : VMs can be defined inline in templates
2016-04-26 20:43:56,272 - Velocimacro : allowInlineToOverride = false : VMs defined inline may NOT replace previous VM definitions
2016-04-26 20:43:56,272 - Velocimacro : allowInlineLocal = false : VMs defined inline will be global in scope if allowed.
2016-04-26 20:43:56,272 - Velocimacro : autoload off : VM system will not automatically reload global library macros
2016-04-26 20:43:56,284 - ResourceManager : found simple_survey.question with loader org.apache.velocity.runtime.resource.loader.FileResourceLoader
2016-04-26 20:43:56,288 - Log4JLogChute initialized using file 'velocity.log'
2016-04-26 20:43:56,288 - Starting Apache Velocity v1.5 (compiled: 2007-02-22 08:52:29)
2016-04-26 20:43:56,288 - Default Properties File: org/apache/velocity/runtime/defaults/velocity.properties
2016-04-26 20:43:56,288 - Trying to use logger class org.apache.velocity.runtime.log.AvalonLogChute
2016-04-26 20:43:56,288 - Couldn't find class org.apache.velocity.runtime.log.AvalonLogChute or necessary supporting classes in classpath.
java.lang.NoClassDefFoundError: org/apache/log/format/Formatter
	at java.lang.Class.forName0(Native Method)
	at java.lang.Class.forName(Class.java:348)
	at org.apache.velocity.util.ClassUtils.getClass(ClassUtils.java:63)
	at org.apache.velocity.util.ClassUtils.getNewInstance(ClassUtils.java:95)
	at org.apache.velocity.runtime.log.LogManager.createLogChute(LogManager.java:147)
	at org.apache.velocity.runtime.log.LogManager.updateLog(LogManager.java:208)
	at org.apache.velocity.runtime.RuntimeInstance.initializeLog(RuntimeInstance.java:728)
	at org.apache.velocity.runtime.RuntimeInstance.init(RuntimeInstance.java:240)
	at org.apache.velocity.runtime.RuntimeSingleton.init(RuntimeSingleton.java:113)
	at org.apache.velocity.app.Velocity.init(Velocity.java:83)
	at com.amazonaws.mturk.util.VelocityUtil.doMerge(VelocityUtil.java:34)
	at com.amazonaws.mturk.addon.HITProperties.getMaxAssignments(HITProperties.java:268)
	at com.amazonaws.mturk.cmd.LoadHITs.loadHITs(LoadHITs.java:226)
	at com.amazonaws.mturk.cmd.LoadHITs.runCommand(LoadHITs.java:120)
	at com.amazonaws.mturk.cmd.AbstractCmd.run(AbstractCmd.java:148)
	at com.amazonaws.mturk.cmd.LoadHITs.main(LoadHITs.java:55)
Caused by: java.lang.ClassNotFoundException: org.apache.log.format.Formatter
	at java.net.URLClassLoader.findClass(URLClassLoader.java:381)
	at java.lang.ClassLoader.loadClass(ClassLoader.java:424)
	at sun.misc.Launcher$AppClassLoader.loadClass(Launcher.java:331)
	at java.lang.ClassLoader.loadClass(ClassLoader.java:357)
	... 16 more
2016-04-26 20:43:56,289 - Trying to use logger class org.apache.velocity.runtime.log.Log4JLogChute
2016-04-26 20:43:56,289 - Using logger class org.apache.velocity.runtime.log.Log4JLogChute
2016-04-26 20:43:56,290 - Default ResourceManager initializing. (class org.apache.velocity.runtime.resource.ResourceManagerImpl)
2016-04-26 20:43:56,290 - ResourceLoader instantiated: org.apache.velocity.runtime.resource.loader.FileResourceLoader
2016-04-26 20:43:56,290 - Do unicode file recognition:  false
2016-04-26 20:43:56,290 - FileResourceLoader : adding path '.'
2016-04-26 20:43:56,290 - ResourceCache: initialized (class org.apache.velocity.runtime.resource.ResourceCacheImpl)
2016-04-26 20:43:56,290 - Loaded System Directive: org.apache.velocity.runtime.directive.Literal
2016-04-26 20:43:56,290 - Loaded System Directive: org.apache.velocity.runtime.directive.Macro
2016-04-26 20:43:56,290 - Loaded System Directive: org.apache.velocity.runtime.directive.Parse
2016-04-26 20:43:56,290 - Loaded System Directive: org.apache.velocity.runtime.directive.Include
2016-04-26 20:43:56,290 - Loaded System Directive: org.apache.velocity.runtime.directive.Foreach
2016-04-26 20:43:56,291 - Created '20' parsers.
2016-04-26 20:43:56,291 - Velocimacro : "velocimacro.library" is not set.  Trying default library: VM_global_library.vm
2016-04-26 20:43:56,292 - Velocimacro : Default library not found.
2016-04-26 20:43:56,292 - Velocimacro : allowInline = true : VMs can be defined inline in templates
2016-04-26 20:43:56,292 - Velocimacro : allowInlineToOverride = false : VMs defined inline may NOT replace previous VM definitions
2016-04-26 20:43:56,292 - Velocimacro : allowInlineLocal = false : VMs defined inline will be global in scope if allowed.
2016-04-26 20:43:56,292 - Velocimacro : autoload off : VM system will not automatically reload global library macros
,290 - Default ResourceManager initializing. (class org.apache.velocity.runtime.resource.ResourceManagerImpl)
2016-04-26 20:43:56,290 - ResourceLoader instantiated: org.apache.velocity.runtime.resource.loader.FileResourceLoader
2016-04-26 20:43:56,290 - Do unicode file recognition:  false
2016-04-26 20:43:56,290 - FileResourceLoader : adding path '.'
2016-04-26 20:43:56,290 - ResourceCache: initialized (class org.apache.velocity.runtime.resource.ResourceCacheImpl)
2016-04-26 20:43:56,290 - Loaded System Directive: org.apache.velocity.runtime.directive.Literal
2016-04-26 20:43:56,290 - Loaded System Directive: org.apache.velocity.runtime.directive.Macro
2016-04-26 20:43:56,290 - Loaded System Directive: org.apache.velocity.runtime.directive.Parse
2016-04-26 20:43:56,290 - Loaded System Directive: org.apache.velocity.runtime.directive.Include
2016-04-26 20:43:56,290 - Loaded System Directive: org.apache.velocity.runtime.directive.Foreach
2016-04-26 20:43:56,291 - Created '20' parsers.
2016-04-26 20:43:56,291 - Velocimacro : "velocimacro.library" is not set.  Trying default library: VM_global_library.vm
2016-04-26 20:43:56,292 - Velocimacro : Default library not found.
2016-04-26 20:43:56,292 - Velocimacro : allowInline = true : VMs can be defined inline in templates
2016-04-26 20:43:56,292 - Velocimacro : allowInlineToOverride = false : VMs defined inline may NOT replace previous VM definitions
2016-04-26 20:43:56,292 - Velocimacro : allowInlineLocal = false : VMs defined inline will be global in scope if allowed.
2016-04-26 20:43:56,292 - Velocimacro : autoload off : VM system will not automatically reload global library macros
2016-04-26 20:59:24,153 - Log4JLogChute initialized using file 'velocity.log'
2016-04-26 20:59:24,154 - Starting Apache Velocity v1.5 (compiled: 2007-02-22 08:52:29)
2016-04-26 20:59:24,154 - Default Properties File: org/apache/velocity/runtime/defaults/velocity.properties
2016-04-26 20:59:24,154 - Trying to use logger class org.apache.velocity.runtime.log.AvalonLogChute
2016-04-26 20:59:24,154 - Couldn't find class org.apache.velocity.runtime.log.AvalonLogChute or necessary supporting classes in classpath.
java.lang.NoClassDefFoundError: org/apache/log/format/Formatter
	at java.lang.Class.forName0(Native Method)
	at java.lang.Class.forName(Class.java:348)
	at org.apache.velocity.util.ClassUtils.getClass(ClassUtils.java:63)
	at org.apache.velocity.util.ClassUtils.getNewInstance(ClassUtils.java:95)
	at org.apache.velocity.runtime.log.LogManager.createLogChute(LogManager.java:147)
	at org.apache.velocity.runtime.log.LogManager.updateLog(LogManager.java:208)
	at org.apache.velocity.runtime.RuntimeInstance.initializeLog(RuntimeInstance.java:728)
	at org.apache.velocity.runtime.RuntimeInstance.init(RuntimeInstance.java:240)
	at org.apache.velocity.runtime.RuntimeInstance.init(RuntimeInstance.java:534)
	at org.apache.velocity.app.VelocityEngine.init(VelocityEngine.java:144)
	at com.amazonaws.mturk.addon.HITQuestion.<init>(HITQuestion.java:69)
	at com.amazonaws.mturk.cmd.LoadHITs.loadHITs(LoadHITs.java:185)
	at com.amazonaws.mturk.cmd.LoadHITs.runCommand(LoadHITs.java:120)
	at com.amazonaws.mturk.cmd.AbstractCmd.run(AbstractCmd.java:148)
	at com.amazonaws.mturk.cmd.LoadHITs.main(LoadHITs.java:55)
Caused by: java.lang.ClassNotFoundException: org.apache.log.format.Formatter
	at java.net.URLClassLoader.findClass(URLClassLoader.java:381)
	at java.lang.ClassLoader.loadClass(ClassLoader.java:424)
	at sun.misc.Launcher$AppClassLoader.loadClass(Launcher.java:331)
	at java.lang.ClassLoader.loadClass(ClassLoader.java:357)
	... 15 more
2016-04-26 20:59:24,156 - Trying to use logger class org.apache.velocity.runtime.log.Log4JLogChute
2016-04-26 20:59:24,156 - Using logger class org.apache.velocity.runtime.log.Log4JLogChute
2016-04-26 20:59:24,158 - Default ResourceManager initializing. (class org.apache.velocity.runtime.resource.ResourceManagerImpl)
2016-04-26 20:59:24,161 - ResourceLoader instantiated: org.apache.velocity.runtime.resource.loader.FileResourceLoader
2016-04-26 20:59:24,162 - Do unicode file recognition:  false
2016-04-26 20:59:24,162 - FileResourceLoader : adding path '../samples/simple_survey/newDir6'
2016-04-26 20:59:24,177 - ResourceCache: initialized (class org.apache.velocity.runtime.resource.ResourceCacheImpl)
2016-04-26 20:59:24,178 - Loaded System Directive: org.apache.velocity.runtime.directive.Literal
2016-04-26 20:59:24,179 - Loaded System Directive: org.apache.velocity.runtime.directive.Macro
2016-04-26 20:59:24,180 - Loaded System Directive: org.apache.velocity.runtime.directive.Parse
2016-04-26 20:59:24,181 - Loaded System Directive: org.apache.velocity.runtime.directive.Include
2016-04-26 20:59:24,181 - Loaded System Directive: org.apache.velocity.runtime.directive.Foreach
2016-04-26 20:59:24,205 - Created '20' parsers.
2016-04-26 20:59:24,210 - Velocimacro : "velocimacro.library" is not set.  Trying default library: VM_global_library.vm
2016-04-26 20:59:24,211 - Velocimacro : Default library not found.
2016-04-26 20:59:24,211 - Velocimacro : allowInline = true : VMs can be defined inline in templates
2016-04-26 20:59:24,211 - Velocimacro : allowInlineToOverride = false : VMs defined inline may NOT replace previous VM definitions
2016-04-26 20:59:24,211 - Velocimacro : allowInlineLocal = false : VMs defined inline will be global in scope if allowed.
2016-04-26 20:59:24,211 - Velocimacro : autoload off : VM system will not automatically reload global library macros
2016-04-26 20:59:24,225 - ResourceManager : found simple_survey.question with loader org.apache.velocity.runtime.resource.loader.FileResourceLoader
2016-04-26 20:59:24,230 - Log4JLogChute initialized using file 'velocity.log'
2016-04-26 20:59:24,230 - Log4JLogChute initialized using file 'velocity.log'
2016-04-26 20:59:24,230 - Starting Apache Velocity v1.5 (compiled: 2007-02-22 08:52:29)
2016-04-26 20:59:24,230 - Starting Apache Velocity v1.5 (compiled: 2007-02-22 08:52:29)
2016-04-26 20:59:24,230 - Default Properties File: org/apache/velocity/runtime/defaults/velocity.properties
2016-04-26 20:59:24,230 - Default Properties File: org/apache/velocity/runtime/defaults/velocity.properties
2016-04-26 20:59:24,231 - Trying to use logger class org.apache.velocity.runtime.log.AvalonLogChute
2016-04-26 20:59:24,231 - Trying to use logger class org.apache.velocity.runtime.log.AvalonLogChute
2016-04-26 20:59:24,231 - Couldn't find class org.apache.velocity.runtime.log.AvalonLogChute or necessary supporting classes in classpath.
java.lang.NoClassDefFoundError: org/apache/log/format/Formatter
	at java.lang.Class.forName0(Native Method)
	at java.lang.Class.forName(Class.java:348)
	at org.apache.velocity.util.ClassUtils.getClass(ClassUtils.java:63)
	at org.apache.velocity.util.ClassUtils.getNewInstance(ClassUtils.java:95)
	at org.apache.velocity.runtime.log.LogManager.createLogChute(LogManager.java:147)
	at org.apache.velocity.runtime.log.LogManager.updateLog(LogManager.java:208)
	at org.apache.velocity.runtime.RuntimeInstance.initializeLog(RuntimeInstance.java:728)
	at org.apache.velocity.runtime.RuntimeInstance.init(RuntimeInstance.java:240)
	at org.apache.velocity.runtime.RuntimeSingleton.init(RuntimeSingleton.java:113)
	at org.apache.velocity.app.Velocity.init(Velocity.java:83)
	at com.amazonaws.mturk.util.VelocityUtil.doMerge(VelocityUtil.java:34)
	at com.amazonaws.mturk.addon.HITProperties.getMaxAssignments(HITProperties.java:268)
	at com.amazonaws.mturk.cmd.LoadHITs.loadHITs(LoadHITs.java:226)
	at com.amazonaws.mturk.cmd.LoadHITs.runCommand(LoadHITs.java:120)
	at com.amazonaws.mturk.cmd.AbstractCmd.run(AbstractCmd.java:148)
	at com.amazonaws.mturk.cmd.LoadHITs.main(LoadHITs.java:55)
Caused by: java.lang.ClassNotFoundException: org.apache.log.format.Formatter
	at java.net.URLClassLoader.findClass(URLClassLoader.java:381)
	at java.lang.ClassLoader.loadClass(ClassLoader.java:424)
	at sun.misc.Launcher$AppClassLoader.loadClass(Launcher.java:331)
	at java.lang.ClassLoader.loadClass(ClassLoader.java:357)
	... 16 more
2016-04-26 20:59:24,231 - Couldn't find class org.apache.velocity.runtime.log.AvalonLogChute or necessary supporting classes in classpath.
java.lang.NoClassDefFoundError: org/apache/log/format/Formatter
	at java.lang.Class.forName0(Native Method)
	at java.lang.Class.forName(Class.java:348)
	at org.apache.velocity.util.ClassUtils.getClass(ClassUtils.java:63)
	at org.apache.velocity.util.ClassUtils.getNewInstance(ClassUtils.java:95)
	at org.apache.velocity.runtime.log.LogManager.createLogChute(LogManager.java:147)
	at org.apache.velocity.runtime.log.LogManager.updateLog(LogManager.java:208)
	at org.apache.velocity.runtime.RuntimeInstance.initializeLog(RuntimeInstance.java:728)
	at org.apache.velocity.runtime.RuntimeInstance.init(RuntimeInstance.java:240)
	at org.apache.velocity.runtime.RuntimeSingleton.init(RuntimeSingleton.java:113)
	at org.apache.velocity.app.Velocity.init(Velocity.java:83)
	at com.amazonaws.mturk.util.VelocityUtil.doMerge(VelocityUtil.java:34)
	at com.amazonaws.mturk.addon.HITProperties.getMaxAssignments(HITProperties.java:268)
	at com.amazonaws.mturk.cmd.LoadHITs.loadHITs(LoadHITs.java:226)
	at com.amazonaws.mturk.cmd.LoadHITs.runCommand(LoadHITs.java:120)
	at com.amazonaws.mturk.cmd.AbstractCmd.run(AbstractCmd.java:148)
	at com.amazonaws.mturk.cmd.LoadHITs.main(LoadHITs.java:55)
Caused by: java.lang.ClassNotFoundException: org.apache.log.format.Formatter
	at java.net.URLClassLoader.findClass(URLClassLoader.java:381)
	at java.lang.ClassLoader.loadClass(ClassLoader.java:424)
	at sun.misc.Launcher$AppClassLoader.loadClass(Launcher.java:331)
	at java.lang.ClassLoader.loadClass(ClassLoader.java:357)
	... 16 more
2016-04-26 20:59:24,231 - Trying to use logger class org.apache.velocity.runtime.log.Log4JLogChute
2016-04-26 20:59:24,231 - Trying to use logger class org.apache.velocity.runtime.log.Log4JLogChute
2016-04-26 20:59:24,232 - Using logger class org.apache.velocity.runtime.log.Log4JLogChute
2016-04-26 20:59:24,232 - Using logger class org.apache.velocity.runtime.log.Log4JLogChute
2016-04-26 20:59:24,232 - Default ResourceManager initializing. (class org.apache.velocity.runtime.resource.ResourceManagerImpl)
2016-04-26 20:59:24,232 - Default ResourceManager initializing. (class org.apache.velocity.runtime.resource.ResourceManagerImpl)
2016-04-26 20:59:24,232 - ResourceLoader instantiated: org.apache.velocity.runtime.resource.loader.FileResourceLoader
2016-04-26 20:59:24,232 - ResourceLoader instantiated: org.apache.velocity.runtime.resource.loader.FileResourceLoader
2016-04-26 20:59:24,232 - Do unicode file recognition:  false
2016-04-26 20:59:24,232 - Do unicode file recognition:  false
2016-04-26 20:59:24,232 - FileResourceLoader : adding path '.'
2016-04-26 20:59:24,232 - FileResourceLoader : adding path '.'
2016-04-26 20:59:24,232 - ResourceCache: initialized (class org.apache.velocity.runtime.resource.ResourceCacheImpl)
2016-04-26 20:59:24,232 - ResourceCache: initialized (class org.apache.velocity.runtime.resource.ResourceCacheImpl)
2016-04-26 20:59:24,232 - Loaded System Directive: org.apache.velocity.runtime.directive.Literal
2016-04-26 20:59:24,232 - Loaded System Directive: org.apache.velocity.runtime.directive.Literal
2016-04-26 20:59:24,232 - Loaded System Directive: org.apache.velocity.runtime.directive.Macro
2016-04-26 20:59:24,232 - Loaded System Directive: org.apache.velocity.runtime.directive.Macro
2016-04-26 20:59:24,232 - Loaded System Directive: org.apache.velocity.runtime.directive.Parse
2016-04-26 20:59:24,232 - Loaded System Directive: org.apache.velocity.runtime.directive.Parse
2016-04-26 20:59:24,232 - Loaded System Directive: org.apache.velocity.runtime.directive.Include
2016-04-26 20:59:24,232 - Loaded System Directive: org.apache.velocity.runtime.directive.Include
2016-04-26 20:59:24,232 - Loaded System Directive: org.apache.velocity.runtime.directive.Foreach
2016-04-26 20:59:24,232 - Loaded System Directive: org.apache.velocity.runtime.directive.Foreach
2016-04-26 20:59:24,233 - Created '20' parsers.
2016-04-26 20:59:24,233 - Created '20' parsers.
2016-04-26 20:59:24,233 - Velocimacro : "velocimacro.library" is not set.  Trying default library: VM_global_library.vm
2016-04-26 20:59:24,233 - Velocimacro : "velocimacro.library" is not set.  Trying default library: VM_global_library.vm
2016-04-26 20:59:24,233 - Velocimacro : Default library not found.
2016-04-26 20:59:24,233 - Velocimacro : Default library not found.
2016-04-26 20:59:24,233 - Velocimacro : allowInline = true : VMs can be defined inline in templates
2016-04-26 20:59:24,233 - Velocimacro : allowInline = true : VMs can be defined inline in templates
2016-04-26 20:59:24,233 - Velocimacro : allowInlineToOverride = false : VMs defined inline may NOT replace previous VM definitions
2016-04-26 20:59:24,233 - Velocimacro : allowInlineToOverride = false : VMs defined inline may NOT replace previous VM definitions
2016-04-26 20:59:24,234 - Velocimacro : allowInlineLocal = false : VMs defined inline will be global in scope if allowed.
2016-04-26 20:59:24,234 - Velocimacro : allowInlineLocal = false : VMs defined inline will be global in scope if allowed.
2016-04-26 20:59:24,234 - Velocimacro : autoload off : VM system will not automatically reload global library macros
2016-04-26 20:59:24,234 - Velocimacro : autoload off : VM system will not automatically reload global library macros
2016-04-26 21:01:55,116 - Log4JLogChute initialized using file 'velocity.log'
2016-04-26 21:01:55,116 - Starting Apache Velocity v1.5 (compiled: 2007-02-22 08:52:29)
2016-04-26 21:01:55,116 - Default Properties File: org/apache/velocity/runtime/defaults/velocity.properties
2016-04-26 21:01:55,116 - Trying to use logger class org.apache.velocity.runtime.log.AvalonLogChute
2016-04-26 21:01:55,117 - Couldn't find class org.apache.velocity.runtime.log.AvalonLogChute or necessary supporting classes in classpath.
java.lang.NoClassDefFoundError: org/apache/log/format/Formatter
	at java.lang.Class.forName0(Native Method)
	at java.lang.Class.forName(Class.java:348)
	at org.apache.velocity.util.ClassUtils.getClass(ClassUtils.java:63)
	at org.apache.velocity.util.ClassUtils.getNewInstance(ClassUtils.java:95)
	at org.apache.velocity.runtime.log.LogManager.createLogChute(LogManager.java:147)
	at org.apache.velocity.runtime.log.LogManager.updateLog(LogManager.java:208)
	at org.apache.velocity.runtime.RuntimeInstance.initializeLog(RuntimeInstance.java:728)
	at org.apache.velocity.runtime.RuntimeInstance.init(RuntimeInstance.java:240)
	at org.apache.velocity.runtime.RuntimeInstance.init(RuntimeInstance.java:534)
	at org.apache.velocity.app.VelocityEngine.init(VelocityEngine.java:144)
	at com.amazonaws.mturk.addon.HITQuestion.<init>(HITQuestion.java:69)
	at com.amazonaws.mturk.cmd.LoadHITs.loadHITs(LoadHITs.java:185)
	at com.amazonaws.mturk.cmd.LoadHITs.runCommand(LoadHITs.java:120)
	at com.amazonaws.mturk.cmd.AbstractCmd.run(AbstractCmd.java:148)
	at com.amazonaws.mturk.cmd.LoadHITs.main(LoadHITs.java:55)
Caused by: java.lang.ClassNotFoundException: org.apache.log.format.Formatter
	at java.net.URLClassLoader.findClass(URLClassLoader.java:381)
	at java.lang.ClassLoader.loadClass(ClassLoader.java:424)
	at sun.misc.Launcher$AppClassLoader.loadClass(Launcher.java:331)
	at java.lang.ClassLoader.loadClass(ClassLoader.java:357)
	... 15 more
2016-04-26 21:01:55,118 - Trying to use logger class org.apache.velocity.runtime.log.Log4JLogChute
2016-04-26 21:01:55,118 - Using logger class org.apache.velocity.runtime.log.Log4JLogChute
2016-04-26 21:01:55,119 - Default ResourceManager initializing. (class org.apache.velocity.runtime.resource.ResourceManagerImpl)
2016-04-26 21:01:55,121 - ResourceLoader instantiated: org.apache.velocity.runtime.resource.loader.FileResourceLoader
2016-04-26 21:01:55,122 - Do unicode file recognition:  false
2016-04-26 21:01:55,122 - FileResourceLoader : adding path '../samples/simple_survey/newDir6'
2016-04-26 21:01:55,130 - ResourceCache: initialized (class org.apache.velocity.runtime.resource.ResourceCacheImpl)
2016-04-26 21:01:55,131 - Loaded System Directive: org.apache.velocity.runtime.directive.Literal
2016-04-26 21:01:55,132 - Loaded System Directive: org.apache.velocity.runtime.directive.Macro
2016-04-26 21:01:55,134 - Loaded System Directive: org.apache.velocity.runtime.directive.Parse
2016-04-26 21:01:55,135 - Loaded System Directive: org.apache.velocity.runtime.directive.Include
2016-04-26 21:01:55,136 - Loaded System Directive: org.apache.velocity.runtime.directive.Foreach
2016-04-26 21:01:55,160 - Created '20' parsers.
2016-04-26 21:01:55,165 - Velocimacro : "velocimacro.library" is not set.  Trying default library: VM_global_library.vm
2016-04-26 21:01:55,165 - Velocimacro : Default library not found.
2016-04-26 21:01:55,165 - Velocimacro : allowInline = true : VMs can be defined inline in templates
2016-04-26 21:01:55,165 - Velocimacro : allowInlineToOverride = false : VMs defined inline may NOT replace previous VM definitions
2016-04-26 21:01:55,165 - Velocimacro : allowInlineLocal = false : VMs defined inline will be global in scope if allowed.
2016-04-26 21:01:55,165 - Velocimacro : autoload off : VM system will not automatically reload global library macros
2016-04-26 21:01:55,174 - ResourceManager : found simple_survey.question with loader org.apache.velocity.runtime.resource.loader.FileResourceLoader
2016-04-26 21:01:55,178 - Log4JLogChute initialized using file 'velocity.log'
2016-04-26 21:01:55,178 - Log4JLogChute initialized using file 'velocity.log'
2016-04-26 21:01:55,178 - Starting Apache Velocity v1.5 (compiled: 2007-02-22 08:52:29)
2016-04-26 21:01:55,178 - Starting Apache Velocity v1.5 (compiled: 2007-02-22 08:52:29)
2016-04-26 21:01:55,178 - Default Properties File: org/apache/velocity/runtime/defaults/velocity.properties
2016-04-26 21:01:55,178 - Default Properties File: org/apache/velocity/runtime/defaults/velocity.properties
2016-04-26 21:01:55,178 - Trying to use logger class org.apache.velocity.runtime.log.AvalonLogChute
2016-04-26 21:01:55,178 - Trying to use logger class org.apache.velocity.runtime.log.AvalonLogChute
2016-04-26 21:01:55,178 - Couldn't find class org.apache.velocity.runtime.log.AvalonLogChute or necessary supporting classes in classpath.
java.lang.NoClassDefFoundError: org/apache/log/format/Formatter
	at java.lang.Class.forName0(Native Method)
	at java.lang.Class.forName(Class.java:348)
	at org.apache.velocity.util.ClassUtils.getClass(ClassUtils.java:63)
	at org.apache.velocity.util.ClassUtils.getNewInstance(ClassUtils.java:95)
	at org.apache.velocity.runtime.log.LogManager.createLogChute(LogManager.java:147)
	at org.apache.velocity.runtime.log.LogManager.updateLog(LogManager.java:208)
	at org.apache.velocity.runtime.RuntimeInstance.initializeLog(RuntimeInstance.java:728)
	at org.apache.velocity.runtime.RuntimeInstance.init(RuntimeInstance.java:240)
	at org.apache.velocity.runtime.RuntimeSingleton.init(RuntimeSingleton.java:113)
	at org.apache.velocity.app.Velocity.init(Velocity.java:83)
	at com.amazonaws.mturk.util.VelocityUtil.doMerge(VelocityUtil.java:34)
	at com.amazonaws.mturk.addon.HITProperties.getMaxAssignments(HITProperties.java:268)
	at com.amazonaws.mturk.cmd.LoadHITs.loadHITs(LoadHITs.java:226)
	at com.amazonaws.mturk.cmd.LoadHITs.runCommand(LoadHITs.java:120)
	at com.amazonaws.mturk.cmd.AbstractCmd.run(AbstractCmd.java:148)
	at com.amazonaws.mturk.cmd.LoadHITs.main(LoadHITs.java:55)
Caused by: java.lang.ClassNotFoundException: org.apache.log.format.Formatter
	at java.net.URLClassLoader.findClass(URLClassLoader.java:381)
	at java.lang.ClassLoader.loadClass(ClassLoader.java:424)
	at sun.misc.Launcher$AppClassLoader.loadClass(Launcher.java:331)
	at java.lang.ClassLoader.loadClass(ClassLoader.java:357)
	... 16 more
2016-04-26 21:01:55,178 - Couldn't find class org.apache.velocity.runtime.log.AvalonLogChute or necessary supporting classes in classpath.
java.lang.NoClassDefFoundError: org/apache/log/format/Formatter
	at java.lang.Class.forName0(Native Method)
	at java.lang.Class.forName(Class.java:348)
	at org.apache.velocity.util.ClassUtils.getClass(ClassUtils.java:63)
	at org.apache.velocity.util.ClassUtils.getNewInstance(ClassUtils.java:95)
	at org.apache.velocity.runtime.log.LogManager.createLogChute(LogManager.java:147)
	at org.apache.velocity.runtime.log.LogManager.updateLog(LogManager.java:208)
	at org.apache.velocity.runtime.RuntimeInstance.initializeLog(RuntimeInstance.java:728)
	at org.apache.velocity.runtime.RuntimeInstance.init(RuntimeInstance.java:240)
	at org.apache.velocity.runtime.RuntimeSingleton.init(RuntimeSingleton.java:113)
	at org.apache.velocity.app.Velocity.init(Velocity.java:83)
	at com.amazonaws.mturk.util.VelocityUtil.doMerge(VelocityUtil.java:34)
	at com.amazonaws.mturk.addon.HITProperties.getMaxAssignments(HITProperties.java:268)
	at com.amazonaws.mturk.cmd.LoadHITs.loadHITs(LoadHITs.java:226)
	at com.amazonaws.mturk.cmd.LoadHITs.runCommand(LoadHITs.java:120)
	at com.amazonaws.mturk.cmd.AbstractCmd.run(AbstractCmd.java:148)
	at com.amazonaws.mturk.cmd.LoadHITs.main(LoadHITs.java:55)
Caused by: java.lang.ClassNotFoundException: org.apache.log.format.Formatter
	at java.net.URLClassLoader.findClass(URLClassLoader.java:381)
	at java.lang.ClassLoader.loadClass(ClassLoader.java:424)
	at sun.misc.Launcher$AppClassLoader.loadClass(Launcher.java:331)
	at java.lang.ClassLoader.loadClass(ClassLoader.java:357)
	... 16 more
2016-04-26 21:01:55,179 - Trying to use logger class org.apache.velocity.runtime.log.Log4JLogChute
2016-04-26 21:01:55,179 - Trying to use logger class org.apache.velocity.runtime.log.Log4JLogChute
2016-04-26 21:01:55,179 - Using logger class org.apache.velocity.runtime.log.Log4JLogChute
2016-04-26 21:01:55,179 - Using logger class org.apache.velocity.runtime.log.Log4JLogChute
2016-04-26 21:01:55,179 - Default ResourceManager initializing. (class org.apache.velocity.runtime.resource.ResourceManagerImpl)
2016-04-26 21:01:55,179 - Default ResourceManager initializing. (class org.apache.velocity.runtime.resource.ResourceManagerImpl)
2016-04-26 21:01:55,179 - ResourceLoader instantiated: org.apache.velocity.runtime.resource.loader.FileResourceLoader
2016-04-26 21:01:55,179 - ResourceLoader instantiated: org.apache.velocity.runtime.resource.loader.FileResourceLoader
2016-04-26 21:01:55,179 - Do unicode file recognition:  false
2016-04-26 21:01:55,179 - Do unicode file recognition:  false
2016-04-26 21:01:55,179 - FileResourceLoader : adding path '.'
2016-04-26 21:01:55,179 - FileResourceLoader : adding path '.'
2016-04-26 21:01:55,179 - ResourceCache: initialized (class org.apache.velocity.runtime.resource.ResourceCacheImpl)
2016-04-26 21:01:55,179 - ResourceCache: initialized (class org.apache.velocity.runtime.resource.ResourceCacheImpl)
2016-04-26 21:01:55,180 - Loaded System Directive: org.apache.velocity.runtime.directive.Literal
2016-04-26 21:01:55,180 - Loaded System Directive: org.apache.velocity.runtime.directive.Literal
2016-04-26 21:01:55,180 - Loaded System Directive: org.apache.velocity.runtime.directive.Macro
2016-04-26 21:01:55,180 - Loaded System Directive: org.apache.velocity.runtime.directive.Macro
2016-04-26 21:01:55,180 - Loaded System Directive: org.apache.velocity.runtime.directive.Parse
2016-04-26 21:01:55,180 - Loaded System Directive: org.apache.velocity.runtime.directive.Parse
2016-04-26 21:01:55,180 - Loaded System Directive: org.apache.velocity.runtime.directive.Include
2016-04-26 21:01:55,180 - Loaded System Directive: org.apache.velocity.runtime.directive.Include
2016-04-26 21:01:55,180 - Loaded System Directive: org.apache.velocity.runtime.directive.Foreach
2016-04-26 21:01:55,180 - Loaded System Directive: org.apache.velocity.runtime.directive.Foreach
2016-04-26 21:01:55,181 - Created '20' parsers.
2016-04-26 21:01:55,181 - Created '20' parsers.
2016-04-26 21:01:55,181 - Velocimacro : "velocimacro.library" is not set.  Trying default library: VM_global_library.vm
2016-04-26 21:01:55,181 - Velocimacro : "velocimacro.library" is not set.  Trying default library: VM_global_library.vm
2016-04-26 21:01:55,181 - Velocimacro : Default library not found.
2016-04-26 21:01:55,181 - Velocimacro : Default library not found.
2016-04-26 21:01:55,181 - Velocimacro : allowInline = true : VMs can be defined inline in templates
2016-04-26 21:01:55,181 - Velocimacro : allowInline = true : VMs can be defined inline in templates
2016-04-26 21:01:55,181 - Velocimacro : allowInlineToOverride = false : VMs defined inline may NOT replace previous VM definitions
2016-04-26 21:01:55,181 - Velocimacro : allowInlineToOverride = false : VMs defined inline may NOT replace previous VM definitions
2016-04-26 21:01:55,181 - Velocimacro : allowInlineLocal = false : VMs defined inline will be global in scope if allowed.
2016-04-26 21:01:55,181 - Velocimacro : allowInlineLocal = false : VMs defined inline will be global in scope if allowed.
2016-04-26 21:01:55,181 - Velocimacro : autoload off : VM system will not automatically reload global library macros
2016-04-26 21:01:55,181 - Velocimacro : autoload off : VM system will not automatically reload global library macros
2016-04-26 21:03:26,886 - Log4JLogChute initialized using file 'velocity.log'
2016-04-26 21:03:26,887 - Starting Apache Velocity v1.5 (compiled: 2007-02-22 08:52:29)
2016-04-26 21:03:26,887 - Default Properties File: org/apache/velocity/runtime/defaults/velocity.properties
2016-04-26 21:03:26,887 - Trying to use logger class org.apache.velocity.runtime.log.AvalonLogChute
2016-04-26 21:03:26,887 - Couldn't find class org.apache.velocity.runtime.log.AvalonLogChute or necessary supporting classes in classpath.
java.lang.NoClassDefFoundError: org/apache/log/format/Formatter
	at java.lang.Class.forName0(Native Method)
	at java.lang.Class.forName(Class.java:348)
	at org.apache.velocity.util.ClassUtils.getClass(ClassUtils.java:63)
	at org.apache.velocity.util.ClassUtils.getNewInstance(ClassUtils.java:95)
	at org.apache.velocity.runtime.log.LogManager.createLogChute(LogManager.java:147)
	at org.apache.velocity.runtime.log.LogManager.updateLog(LogManager.java:208)
	at org.apache.velocity.runtime.RuntimeInstance.initializeLog(RuntimeInstance.java:728)
	at org.apache.velocity.runtime.RuntimeInstance.init(RuntimeInstance.java:240)
	at org.apache.velocity.runtime.RuntimeInstance.init(RuntimeInstance.java:534)
	at org.apache.velocity.app.VelocityEngine.init(VelocityEngine.java:144)
	at com.amazonaws.mturk.addon.HITQuestion.<init>(HITQuestion.java:69)
	at com.amazonaws.mturk.cmd.LoadHITs.loadHITs(LoadHITs.java:185)
	at com.amazonaws.mturk.cmd.LoadHITs.runCommand(LoadHITs.java:120)
	at com.amazonaws.mturk.cmd.AbstractCmd.run(AbstractCmd.java:148)
	at com.amazonaws.mturk.cmd.LoadHITs.main(LoadHITs.java:55)
Caused by: java.lang.ClassNotFoundException: org.apache.log.format.Formatter
	at java.net.URLClassLoader.findClass(URLClassLoader.java:381)
	at java.lang.ClassLoader.loadClass(ClassLoader.java:424)
	at sun.misc.Launcher$AppClassLoader.loadClass(Launcher.java:331)
	at java.lang.ClassLoader.loadClass(ClassLoader.java:357)
	... 15 more
2016-04-26 21:03:26,889 - Trying to use logger class org.apache.velocity.runtime.log.Log4JLogChute
2016-04-26 21:03:26,889 - Using logger class org.apache.velocity.runtime.log.Log4JLogChute
2016-04-26 21:03:26,891 - Default ResourceManager initializing. (class org.apache.velocity.runtime.resource.ResourceManagerImpl)
2016-04-26 21:03:26,894 - ResourceLoader instantiated: org.apache.velocity.runtime.resource.loader.FileResourceLoader
2016-04-26 21:03:26,895 - Do unicode file recognition:  false
2016-04-26 21:03:26,895 - FileResourceLoader : adding path '../samples/simple_survey/newDir6'
2016-04-26 21:03:26,906 - ResourceCache: initialized (class org.apache.velocity.runtime.resource.ResourceCacheImpl)
2016-04-26 21:03:26,907 - Loaded System Directive: org.apache.velocity.runtime.directive.Literal
2016-04-26 21:03:26,907 - Loaded System Directive: org.apache.velocity.runtime.directive.Macro
2016-04-26 21:03:26,908 - Loaded System Directive: org.apache.velocity.runtime.directive.Parse
2016-04-26 21:03:26,909 - Loaded System Directive: org.apache.velocity.runtime.directive.Include
2016-04-26 21:03:26,910 - Loaded System Directive: org.apache.velocity.runtime.directive.Foreach
2016-04-26 21:03:26,929 - Created '20' parsers.
2016-04-26 21:03:26,933 - Velocimacro : "velocimacro.library" is not set.  Trying default library: VM_global_library.vm
2016-04-26 21:03:26,933 - Velocimacro : Default library not found.
2016-04-26 21:03:26,933 - Velocimacro : allowInline = true : VMs can be defined inline in templates
2016-04-26 21:03:26,934 - Velocimacro : allowInlineToOverride = false : VMs defined inline may NOT replace previous VM definitions
2016-04-26 21:03:26,934 - Velocimacro : allowInlineLocal = false : VMs defined inline will be global in scope if allowed.
2016-04-26 21:03:26,934 - Velocimacro : autoload off : VM system will not automatically reload global library macros
2016-04-26 21:03:26,945 - ResourceManager : found simple_survey.question with loader org.apache.velocity.runtime.resource.loader.FileResourceLoader
2016-04-26 21:03:26,953 - Log4JLogChute initialized using file 'velocity.log'
2016-04-26 21:03:26,953 - Log4JLogChute initialized using file 'velocity.log'
2016-04-26 21:03:26,953 - Starting Apache Velocity v1.5 (compiled: 2007-02-22 08:52:29)
2016-04-26 21:03:26,953 - Starting Apache Velocity v1.5 (compiled: 2007-02-22 08:52:29)
2016-04-26 21:03:26,953 - Default Properties File: org/apache/velocity/runtime/defaults/velocity.properties
2016-04-26 21:03:26,953 - Default Properties File: org/apache/velocity/runtime/defaults/velocity.properties
2016-04-26 21:03:26,953 - Trying to use logger class org.apache.velocity.runtime.log.AvalonLogChute
2016-04-26 21:03:26,953 - Trying to use logger class org.apache.velocity.runtime.log.AvalonLogChute
2016-04-26 21:03:26,953 - Couldn't find class org.apache.velocity.runtime.log.AvalonLogChute or necessary supporting classes in classpath.
java.lang.NoClassDefFoundError: org/apache/log/format/Formatter
	at java.lang.Class.forName0(Native Method)
	at java.lang.Class.forName(Class.java:348)
	at org.apache.velocity.util.ClassUtils.getClass(ClassUtils.java:63)
	at org.apache.velocity.util.ClassUtils.getNewInstance(ClassUtils.java:95)
	at org.apache.velocity.runtime.log.LogManager.createLogChute(LogManager.java:147)
	at org.apache.velocity.runtime.log.LogManager.updateLog(LogManager.java:208)
	at org.apache.velocity.runtime.RuntimeInstance.initializeLog(RuntimeInstance.java:728)
	at org.apache.velocity.runtime.RuntimeInstance.init(RuntimeInstance.java:240)
	at org.apache.velocity.runtime.RuntimeSingleton.init(RuntimeSingleton.java:113)
	at org.apache.velocity.app.Velocity.init(Velocity.java:83)
	at com.amazonaws.mturk.util.VelocityUtil.doMerge(VelocityUtil.java:34)
	at com.amazonaws.mturk.addon.HITProperties.getMaxAssignments(HITProperties.java:268)
	at com.amazonaws.mturk.cmd.LoadHITs.loadHITs(LoadHITs.java:226)
	at com.amazonaws.mturk.cmd.LoadHITs.runCommand(LoadHITs.java:120)
	at com.amazonaws.mturk.cmd.AbstractCmd.run(AbstractCmd.java:148)
	at com.amazonaws.mturk.cmd.LoadHITs.main(LoadHITs.java:55)
Caused by: java.lang.ClassNotFoundException: org.apache.log.format.Formatter
	at java.net.URLClassLoader.findClass(URLClassLoader.java:381)
	at java.lang.ClassLoader.loadClass(ClassLoader.java:424)
	at sun.misc.Launcher$AppClassLoader.loadClass(Launcher.java:331)
	at java.lang.ClassLoader.loadClass(ClassLoader.java:357)
	... 16 more
2016-04-26 21:03:26,953 - Couldn't find class org.apache.velocity.runtime.log.AvalonLogChute or necessary supporting classes in classpath.
java.lang.NoClassDefFoundError: org/apache/log/format/Formatter
	at java.lang.Class.forName0(Native Method)
	at java.lang.Class.forName(Class.java:348)
	at org.apache.velocity.util.ClassUtils.getClass(ClassUtils.java:63)
	at org.apache.velocity.util.ClassUtils.getNewInstance(ClassUtils.java:95)
	at org.apache.velocity.runtime.log.LogManager.createLogChute(LogManager.java:147)
	at org.apache.velocity.runtime.log.LogManager.updateLog(LogManager.java:208)
	at org.apache.velocity.runtime.RuntimeInstance.initializeLog(RuntimeInstance.java:728)
	at org.apache.velocity.runtime.RuntimeInstance.init(RuntimeInstance.java:240)
	at org.apache.velocity.runtime.RuntimeSingleton.init(RuntimeSingleton.java:113)
	at org.apache.velocity.app.Velocity.init(Velocity.java:83)
	at com.amazonaws.mturk.util.VelocityUtil.doMerge(VelocityUtil.java:34)
	at com.amazonaws.mturk.addon.HITProperties.getMaxAssignments(HITProperties.java:268)
	at com.amazonaws.mturk.cmd.LoadHITs.loadHITs(LoadHITs.java:226)
	at com.amazonaws.mturk.cmd.LoadHITs.runCommand(LoadHITs.java:120)
	at com.amazonaws.mturk.cmd.AbstractCmd.run(AbstractCmd.java:148)
	at com.amazonaws.mturk.cmd.LoadHITs.main(LoadHITs.java:55)
Caused by: java.lang.ClassNotFoundException: org.apache.log.format.Formatter
	at java.net.URLClassLoader.findClass(URLClassLoader.java:381)
	at java.lang.ClassLoader.loadClass(ClassLoader.java:424)
	at sun.misc.Launcher$AppClassLoader.loadClass(Launcher.java:331)
	at java.lang.ClassLoader.loadClass(ClassLoader.java:357)
	... 16 more
2016-04-26 21:03:26,954 - Trying to use logger class org.apache.velocity.runtime.log.Log4JLogChute
2016-04-26 21:03:26,954 - Trying to use logger class org.apache.velocity.runtime.log.Log4JLogChute
2016-04-26 21:03:26,954 - Using logger class org.apache.velocity.runtime.log.Log4JLogChute
2016-04-26 21:03:26,954 - Using logger class org.apache.velocity.runtime.log.Log4JLogChute
2016-04-26 21:03:26,954 - Default ResourceManager initializing. (class org.apache.velocity.runtime.resource.ResourceManagerImpl)
2016-04-26 21:03:26,954 - Default ResourceManager initializing. (class org.apache.velocity.runtime.resource.ResourceManagerImpl)
2016-04-26 21:03:26,954 - ResourceLoader instantiated: org.apache.velocity.runtime.resource.loader.FileResourceLoader
2016-04-26 21:03:26,954 - ResourceLoader instantiated: org.apache.velocity.runtime.resource.loader.FileResourceLoader
2016-04-26 21:03:26,955 - Do unicode file recognition:  false
2016-04-26 21:03:26,955 - Do unicode file recognition:  false
2016-04-26 21:03:26,955 - FileResourceLoader : adding path '.'
2016-04-26 21:03:26,955 - FileResourceLoader : adding path '.'
2016-04-26 21:03:26,955 - ResourceCache: initialized (class org.apache.velocity.runtime.resource.ResourceCacheImpl)
2016-04-26 21:03:26,955 - ResourceCache: initialized (class org.apache.velocity.runtime.resource.ResourceCacheImpl)
2016-04-26 21:03:26,955 - Loaded System Directive: org.apache.velocity.runtime.directive.Literal
2016-04-26 21:03:26,955 - Loaded System Directive: org.apache.velocity.runtime.directive.Literal
2016-04-26 21:03:26,955 - Loaded System Directive: org.apache.velocity.runtime.directive.Macro
2016-04-26 21:03:26,955 - Loaded System Directive: org.apache.velocity.runtime.directive.Macro
2016-04-26 21:03:26,958 - Loaded System Directive: org.apache.velocity.runtime.directive.Parse
2016-04-26 21:03:26,958 - Loaded System Directive: org.apache.velocity.runtime.directive.Parse
2016-04-26 21:03:26,958 - Loaded System Directive: org.apache.velocity.runtime.directive.Include
2016-04-26 21:03:26,958 - Loaded System Directive: org.apache.velocity.runtime.directive.Include
2016-04-26 21:03:26,958 - Loaded System Directive: org.apache.velocity.runtime.directive.Foreach
2016-04-26 21:03:26,958 - Loaded System Directive: org.apache.velocity.runtime.directive.Foreach
2016-04-26 21:03:26,959 - Created '20' parsers.
2016-04-26 21:03:26,959 - Created '20' parsers.
2016-04-26 21:03:26,960 - Velocimacro : "velocimacro.library" is not set.  Trying default library: VM_global_library.vm
2016-04-26 21:03:26,960 - Velocimacro : "velocimacro.library" is not set.  Trying default library: VM_global_library.vm
2016-04-26 21:03:26,960 - Velocimacro : Default library not found.
2016-04-26 21:03:26,960 - Velocimacro : Default library not found.
2016-04-26 21:03:26,960 - Velocimacro : allowInline = true : VMs can be defined inline in templates
2016-04-26 21:03:26,960 - Velocimacro : allowInline = true : VMs can be defined inline in templates
2016-04-26 21:03:26,960 - Velocimacro : allowInlineToOverride = false : VMs defined inline may NOT replace previous VM definitions
2016-04-26 21:03:26,960 - Velocimacro : allowInlineToOverride = false : VMs defined inline may NOT replace previous VM definitions
2016-04-26 21:03:26,960 - Velocimacro : allowInlineLocal = false : VMs defined inline will be global in scope if allowed.
2016-04-26 21:03:26,960 - Velocimacro : allowInlineLocal = false : VMs defined inline will be global in scope if allowed.
2016-04-26 21:03:26,960 - Velocimacro : autoload off : VM system will not automatically reload global library macros
2016-04-26 21:03:26,960 - Velocimacro : autoload off : VM system will not automatically reload global library macros
2016-04-26 21:07:44,898 - Log4JLogChute initialized using file 'velocity.log'
2016-04-26 21:07:44,899 - Starting Apache Velocity v1.5 (compiled: 2007-02-22 08:52:29)
2016-04-26 21:07:44,899 - Default Properties File: org/apache/velocity/runtime/defaults/velocity.properties
2016-04-26 21:07:44,899 - Trying to use logger class org.apache.velocity.runtime.log.AvalonLogChute
2016-04-26 21:07:44,900 - Couldn't find class org.apache.velocity.runtime.log.AvalonLogChute or necessary supporting classes in classpath.
java.lang.NoClassDefFoundError: org/apache/log/format/Formatter
	at java.lang.Class.forName0(Native Method)
	at java.lang.Class.forName(Class.java:348)
	at org.apache.velocity.util.ClassUtils.getClass(ClassUtils.java:63)
	at org.apache.velocity.util.ClassUtils.getNewInstance(ClassUtils.java:95)
	at org.apache.velocity.runtime.log.LogManager.createLogChute(LogManager.java:147)
	at org.apache.velocity.runtime.log.LogManager.updateLog(LogManager.java:208)
	at org.apache.velocity.runtime.RuntimeInstance.initializeLog(RuntimeInstance.java:728)
	at org.apache.velocity.runtime.RuntimeInstance.init(RuntimeInstance.java:240)
	at org.apache.velocity.runtime.RuntimeInstance.init(RuntimeInstance.java:534)
	at org.apache.velocity.app.VelocityEngine.init(VelocityEngine.java:144)
	at com.amazonaws.mturk.addon.HITQuestion.<init>(HITQuestion.java:69)
	at com.amazonaws.mturk.cmd.LoadHITs.loadHITs(LoadHITs.java:185)
	at com.amazonaws.mturk.cmd.LoadHITs.runCommand(LoadHITs.java:120)
	at com.amazonaws.mturk.cmd.AbstractCmd.run(AbstractCmd.java:148)
	at com.amazonaws.mturk.cmd.LoadHITs.main(LoadHITs.java:55)
Caused by: java.lang.ClassNotFoundException: org.apache.log.format.Formatter
	at java.net.URLClassLoader.findClass(URLClassLoader.java:381)
	at java.lang.ClassLoader.loadClass(ClassLoader.java:424)
	at sun.misc.Launcher$AppClassLoader.loadClass(Launcher.java:331)
	at java.lang.ClassLoader.loadClass(ClassLoader.java:357)
	... 15 more
2016-04-26 21:07:44,902 - Trying to use logger class org.apache.velocity.runtime.log.Log4JLogChute
2016-04-26 21:07:44,902 - Using logger class org.apache.velocity.runtime.log.Log4JLogChute
2016-04-26 21:07:44,904 - Default ResourceManager initializing. (class org.apache.velocity.runtime.resource.ResourceManagerImpl)
2016-04-26 21:07:44,908 - ResourceLoader instantiated: org.apache.velocity.runtime.resource.loader.FileResourceLoader
2016-04-26 21:07:44,909 - Do unicode file recognition:  false
2016-04-26 21:07:44,909 - FileResourceLoader : adding path '../samples/simple_survey/newDir6'
2016-04-26 21:07:44,923 - ResourceCache: initialized (class org.apache.velocity.runtime.resource.ResourceCacheImpl)
2016-04-26 21:07:44,924 - Loaded System Directive: org.apache.velocity.runtime.directive.Literal
2016-04-26 21:07:44,925 - Loaded System Directive: org.apache.velocity.runtime.directive.Macro
2016-04-26 21:07:44,926 - Loaded System Directive: org.apache.velocity.runtime.directive.Parse
2016-04-26 21:07:44,927 - Loaded System Directive: org.apache.velocity.runtime.directive.Include
2016-04-26 21:07:44,927 - Loaded System Directive: org.apache.velocity.runtime.directive.Foreach
2016-04-26 21:07:44,949 - Created '20' parsers.
2016-04-26 21:07:44,953 - Velocimacro : "velocimacro.library" is not set.  Trying default library: VM_global_library.vm
2016-04-26 21:07:44,953 - Velocimacro : Default library not found.
2016-04-26 21:07:44,953 - Velocimacro : allowInline = true : VMs can be defined inline in templates
2016-04-26 21:07:44,953 - Velocimacro : allowInlineToOverride = false : VMs defined inline may NOT replace previous VM definitions
2016-04-26 21:07:44,953 - Velocimacro : allowInlineLocal = false : VMs defined inline will be global in scope if allowed.
2016-04-26 21:07:44,954 - Velocimacro : autoload off : VM system will not automatically reload global library macros
2016-04-26 21:07:44,965 - ResourceManager : found simple_survey.question with loader org.apache.velocity.runtime.resource.loader.FileResourceLoader
2016-04-26 21:07:44,970 - Log4JLogChute initialized using file 'velocity.log'
2016-04-26 21:07:44,970 - Log4JLogChute initialized using file 'velocity.log'
2016-04-26 21:07:44,970 - Starting Apache Velocity v1.5 (compiled: 2007-02-22 08:52:29)
2016-04-26 21:07:44,970 - Starting Apache Velocity v1.5 (compiled: 2007-02-22 08:52:29)
2016-04-26 21:07:44,970 - Default Properties File: org/apache/velocity/runtime/defaults/velocity.properties
2016-04-26 21:07:44,970 - Default Properties File: org/apache/velocity/runtime/defaults/velocity.properties
2016-04-26 21:07:44,970 - Trying to use logger class org.apache.velocity.runtime.log.AvalonLogChute
2016-04-26 21:07:44,970 - Trying to use logger class org.apache.velocity.runtime.log.AvalonLogChute
2016-04-26 21:07:44,970 - Couldn't find class org.apache.velocity.runtime.log.AvalonLogChute or necessary supporting classes in classpath.
java.lang.NoClassDefFoundError: org/apache/log/format/Formatter
	at java.lang.Class.forName0(Native Method)
	at java.lang.Class.forName(Class.java:348)
	at org.apache.velocity.util.ClassUtils.getClass(ClassUtils.java:63)
	at org.apache.velocity.util.ClassUtils.getNewInstance(ClassUtils.java:95)
	at org.apache.velocity.runtime.log.LogManager.createLogChute(LogManager.java:147)
	at org.apache.velocity.runtime.log.LogManager.updateLog(LogManager.java:208)
	at org.apache.velocity.runtime.RuntimeInstance.initializeLog(RuntimeInstance.java:728)
	at org.apache.velocity.runtime.RuntimeInstance.init(RuntimeInstance.java:240)
	at org.apache.velocity.runtime.RuntimeSingleton.init(RuntimeSingleton.java:113)
	at org.apache.velocity.app.Velocity.init(Velocity.java:83)
	at com.amazonaws.mturk.util.VelocityUtil.doMerge(VelocityUtil.java:34)
	at com.amazonaws.mturk.addon.HITProperties.getMaxAssignments(HITProperties.java:268)
	at com.amazonaws.mturk.cmd.LoadHITs.loadHITs(LoadHITs.java:226)
	at com.amazonaws.mturk.cmd.LoadHITs.runCommand(LoadHITs.java:120)
	at com.amazonaws.mturk.cmd.AbstractCmd.run(AbstractCmd.java:148)
	at com.amazonaws.mturk.cmd.LoadHITs.main(LoadHITs.java:55)
Caused by: java.lang.ClassNotFoundException: org.apache.log.format.Formatter
	at java.net.URLClassLoader.findClass(URLClassLoader.java:381)
	at java.lang.ClassLoader.loadClass(ClassLoader.java:424)
	at sun.misc.Launcher$AppClassLoader.loadClass(Launcher.java:331)
	at java.lang.ClassLoader.loadClass(ClassLoader.java:357)
	... 16 more
2016-04-26 21:07:44,970 - Couldn't find class org.apache.velocity.runtime.log.AvalonLogChute or necessary supporting classes in classpath.
java.lang.NoClassDefFoundError: org/apache/log/format/Formatter
	at java.lang.Class.forName0(Native Method)
	at java.lang.Class.forName(Class.java:348)
	at org.apache.velocity.util.ClassUtils.getClass(ClassUtils.java:63)
	at org.apache.velocity.util.ClassUtils.getNewInstance(ClassUtils.java:95)
	at org.apache.velocity.runtime.log.LogManager.createLogChute(LogManager.java:147)
	at org.apache.velocity.runtime.log.LogManager.updateLog(LogManager.java:208)
	at org.apache.velocity.runtime.RuntimeInstance.initializeLog(RuntimeInstance.java:728)
	at org.apache.velocity.runtime.RuntimeInstance.init(RuntimeInstance.java:240)
	at org.apache.velocity.runtime.RuntimeSingleton.init(RuntimeSingleton.java:113)
	at org.apache.velocity.app.Velocity.init(Velocity.java:83)
	at com.amazonaws.mturk.util.VelocityUtil.doMerge(VelocityUtil.java:34)
	at com.amazonaws.mturk.addon.HITProperties.getMaxAssignments(HITProperties.java:268)
	at com.amazonaws.mturk.cmd.LoadHITs.loadHITs(LoadHITs.java:226)
	at com.amazonaws.mturk.cmd.LoadHITs.runCommand(LoadHITs.java:120)
	at com.amazonaws.mturk.cmd.AbstractCmd.run(AbstractCmd.java:148)
	at com.amazonaws.mturk.cmd.LoadHITs.main(LoadHITs.java:55)
Caused by: java.lang.ClassNotFoundException: org.apache.log.format.Formatter
	at java.net.URLClassLoader.findClass(URLClassLoader.java:381)
	at java.lang.ClassLoader.loadClass(ClassLoader.java:424)
	at sun.misc.Launcher$AppClassLoader.loadClass(Launcher.java:331)
	at java.lang.ClassLoader.loadClass(ClassLoader.java:357)
	... 16 more
2016-04-26 21:07:44,971 - Trying to use logger class org.apache.velocity.runtime.log.Log4JLogChute
2016-04-26 21:07:44,971 - Trying to use logger class org.apache.velocity.runtime.log.Log4JLogChute
2016-04-26 21:07:44,971 - Using logger class org.apache.velocity.runtime.log.Log4JLogChute
2016-04-26 21:07:44,971 - Using logger class org.apache.velocity.runtime.log.Log4JLogChute
2016-04-26 21:07:44,972 - Default ResourceManager initializing. (class org.apache.velocity.runtime.resource.ResourceManagerImpl)
2016-04-26 21:07:44,972 - Default ResourceManager initializing. (class org.apache.velocity.runtime.resource.ResourceManagerImpl)
2016-04-26 21:07:44,972 - ResourceLoader instantiated: org.apache.velocity.runtime.resource.loader.FileResourceLoader
2016-04-26 21:07:44,972 - ResourceLoader instantiated: org.apache.velocity.runtime.resource.loader.FileResourceLoader
2016-04-26 21:07:44,972 - Do unicode file recognition:  false
2016-04-26 21:07:44,972 - Do unicode file recognition:  false
2016-04-26 21:07:44,972 - FileResourceLoader : adding path '.'
2016-04-26 21:07:44,972 - FileResourceLoader : adding path '.'
2016-04-26 21:07:44,972 - ResourceCache: initialized (class org.apache.velocity.runtime.resource.ResourceCacheImpl)
2016-04-26 21:07:44,972 - ResourceCache: initialized (class org.apache.velocity.runtime.resource.ResourceCacheImpl)
2016-04-26 21:07:44,972 - Loaded System Directive: org.apache.velocity.runtime.directive.Literal
2016-04-26 21:07:44,972 - Loaded System Directive: org.apache.velocity.runtime.directive.Literal
2016-04-26 21:07:44,973 - Loaded System Directive: org.apache.velocity.runtime.directive.Macro
2016-04-26 21:07:44,973 - Loaded System Directive: org.apache.velocity.runtime.directive.Macro
2016-04-26 21:07:44,973 - Loaded System Directive: org.apache.velocity.runtime.directive.Parse
2016-04-26 21:07:44,973 - Loaded System Directive: org.apache.velocity.runtime.directive.Parse
2016-04-26 21:07:44,973 - Loaded System Directive: org.apache.velocity.runtime.directive.Include
2016-04-26 21:07:44,973 - Loaded System Directive: org.apache.velocity.runtime.directive.Include
2016-04-26 21:07:44,973 - Loaded System Directive: org.apache.velocity.runtime.directive.Foreach
2016-04-26 21:07:44,973 - Loaded System Directive: org.apache.velocity.runtime.directive.Foreach
2016-04-26 21:07:44,974 - Created '20' parsers.
2016-04-26 21:07:44,974 - Created '20' parsers.
2016-04-26 21:07:44,974 - Velocimacro : "velocimacro.library" is not set.  Trying default library: VM_global_library.vm
2016-04-26 21:07:44,974 - Velocimacro : "velocimacro.library" is not set.  Trying default library: VM_global_library.vm
2016-04-26 21:07:44,974 - Velocimacro : Default library not found.
2016-04-26 21:07:44,974 - Velocimacro : Default library not found.
2016-04-26 21:07:44,974 - Velocimacro : allowInline = true : VMs can be defined inline in templates
2016-04-26 21:07:44,974 - Velocimacro : allowInline = true : VMs can be defined inline in templates
2016-04-26 21:07:44,975 - Velocimacro : allowInlineToOverride = false : VMs defined inline may NOT replace previous VM definitions
2016-04-26 21:07:44,975 - Velocimacro : allowInlineToOverride = false : VMs defined inline may NOT replace previous VM definitions
2016-04-26 21:07:44,975 - Velocimacro : allowInlineLocal = false : VMs defined inline will be global in scope if allowed.
2016-04-26 21:07:44,975 - Velocimacro : allowInlineLocal = false : VMs defined inline will be global in scope if allowed.
2016-04-26 21:07:44,975 - Velocimacro : autoload off : VM system will not automatically reload global library macros
2016-04-26 21:07:44,975 - Velocimacro : autoload off : VM system will not automatically reload global library macros
2016-04-26 21:09:57,866 - Log4JLogChute initialized using file 'velocity.log'
2016-04-26 21:09:57,866 - Starting Apache Velocity v1.5 (compiled: 2007-02-22 08:52:29)
2016-04-26 21:09:57,867 - Default Properties File: org/apache/velocity/runtime/defaults/velocity.properties
2016-04-26 21:09:57,867 - Trying to use logger class org.apache.velocity.runtime.log.AvalonLogChute
2016-04-26 21:09:57,867 - Couldn't find class org.apache.velocity.runtime.log.AvalonLogChute or necessary supporting classes in classpath.
java.lang.NoClassDefFoundError: org/apache/log/format/Formatter
	at java.lang.Class.forName0(Native Method)
	at java.lang.Class.forName(Class.java:348)
	at org.apache.velocity.util.ClassUtils.getClass(ClassUtils.java:63)
	at org.apache.velocity.util.ClassUtils.getNewInstance(ClassUtils.java:95)
	at org.apache.velocity.runtime.log.LogManager.createLogChute(LogManager.java:147)
	at org.apache.velocity.runtime.log.LogManager.updateLog(LogManager.java:208)
	at org.apache.velocity.runtime.RuntimeInstance.initializeLog(RuntimeInstance.java:728)
	at org.apache.velocity.runtime.RuntimeInstance.init(RuntimeInstance.java:240)
	at org.apache.velocity.runtime.RuntimeInstance.init(RuntimeInstance.java:534)
	at org.apache.velocity.app.VelocityEngine.init(VelocityEngine.java:144)
	at com.amazonaws.mturk.addon.HITQuestion.<init>(HITQuestion.java:69)
	at com.amazonaws.mturk.cmd.LoadHITs.loadHITs(LoadHITs.java:185)
	at com.amazonaws.mturk.cmd.LoadHITs.runCommand(LoadHITs.java:120)
	at com.amazonaws.mturk.cmd.AbstractCmd.run(AbstractCmd.java:148)
	at com.amazonaws.mturk.cmd.LoadHITs.main(LoadHITs.java:55)
Caused by: java.lang.ClassNotFoundException: org.apache.log.format.Formatter
	at java.net.URLClassLoader.findClass(URLClassLoader.java:381)
	at java.lang.ClassLoader.loadClass(ClassLoader.java:424)
	at sun.misc.Launcher$AppClassLoader.loadClass(Launcher.java:331)
	at java.lang.ClassLoader.loadClass(ClassLoader.java:357)
	... 15 more
2016-04-26 21:09:57,869 - Trying to use logger class org.apache.velocity.runtime.log.Log4JLogChute
2016-04-26 21:09:57,869 - Using logger class org.apache.velocity.runtime.log.Log4JLogChute
2016-04-26 21:09:57,871 - Default ResourceManager initializing. (class org.apache.velocity.runtime.resource.ResourceManagerImpl)
2016-04-26 21:09:57,874 - ResourceLoader instantiated: org.apache.velocity.runtime.resource.loader.FileResourceLoader
2016-04-26 21:09:57,875 - Do unicode file recognition:  false
2016-04-26 21:09:57,875 - FileResourceLoader : adding path '../samples/simple_survey/newDir6'
2016-04-26 21:09:57,889 - ResourceCache: initialized (class org.apache.velocity.runtime.resource.ResourceCacheImpl)
2016-04-26 21:09:57,890 - Loaded System Directive: org.apache.velocity.runtime.directive.Literal
2016-04-26 21:09:57,891 - Loaded System Directive: org.apache.velocity.runtime.directive.Macro
2016-04-26 21:09:57,892 - Loaded System Directive: org.apache.velocity.runtime.directive.Parse
2016-04-26 21:09:57,893 - Loaded System Directive: org.apache.velocity.runtime.directive.Include
2016-04-26 21:09:57,894 - Loaded System Directive: org.apache.velocity.runtime.directive.Foreach
2016-04-26 21:09:57,917 - Created '20' parsers.
2016-04-26 21:09:57,921 - Velocimacro : "velocimacro.library" is not set.  Trying default library: VM_global_library.vm
2016-04-26 21:09:57,922 - Velocimacro : Default library not found.
2016-04-26 21:09:57,922 - Velocimacro : allowInline = true : VMs can be defined inline in templates
2016-04-26 21:09:57,922 - Velocimacro : allowInlineToOverride = false : VMs defined inline may NOT replace previous VM definitions
2016-04-26 21:09:57,922 - Velocimacro : allowInlineLocal = false : VMs defined inline will be global in scope if allowed.
2016-04-26 21:09:57,922 - Velocimacro : autoload off : VM system will not automatically reload global library macros
2016-04-26 21:09:57,933 - ResourceManager : found simple_survey.question with loader org.apache.velocity.runtime.resource.loader.FileResourceLoader
2016-04-26 21:09:57,937 - Log4JLogChute initialized using file 'velocity.log'
2016-04-26 21:09:57,937 - Log4JLogChute initialized using file 'velocity.log'
2016-04-26 21:09:57,938 - Starting Apache Velocity v1.5 (compiled: 2007-02-22 08:52:29)
2016-04-26 21:09:57,938 - Starting Apache Velocity v1.5 (compiled: 2007-02-22 08:52:29)
2016-04-26 21:09:57,938 - Default Properties File: org/apache/velocity/runtime/defaults/velocity.properties
2016-04-26 21:09:57,938 - Default Properties File: org/apache/velocity/runtime/defaults/velocity.properties
2016-04-26 21:09:57,938 - Trying to use logger class org.apache.velocity.runtime.log.AvalonLogChute
2016-04-26 21:09:57,938 - Trying to use logger class org.apache.velocity.runtime.log.AvalonLogChute
2016-04-26 21:09:57,938 - Couldn't find class org.apache.velocity.runtime.log.AvalonLogChute or necessary supporting classes in classpath.
java.lang.NoClassDefFoundError: org/apache/log/format/Formatter
	at java.lang.Class.forName0(Native Method)
	at java.lang.Class.forName(Class.java:348)
	at org.apache.velocity.util.ClassUtils.getClass(ClassUtils.java:63)
	at org.apache.velocity.util.ClassUtils.getNewInstance(ClassUtils.java:95)
	at org.apache.velocity.runtime.log.LogManager.createLogChute(LogManager.java:147)
	at org.apache.velocity.runtime.log.LogManager.updateLog(LogManager.java:208)
	at org.apache.velocity.runtime.RuntimeInstance.initializeLog(RuntimeInstance.java:728)
	at org.apache.velocity.runtime.RuntimeInstance.init(RuntimeInstance.java:240)
	at org.apache.velocity.runtime.RuntimeSingleton.init(RuntimeSingleton.java:113)
	at org.apache.velocity.app.Velocity.init(Velocity.java:83)
	at com.amazonaws.mturk.util.VelocityUtil.doMerge(VelocityUtil.java:34)
	at com.amazonaws.mturk.addon.HITProperties.getMaxAssignments(HITProperties.java:268)
	at com.amazonaws.mturk.cmd.LoadHITs.loadHITs(LoadHITs.java:226)
	at com.amazonaws.mturk.cmd.LoadHITs.runCommand(LoadHITs.java:120)
	at com.amazonaws.mturk.cmd.AbstractCmd.run(AbstractCmd.java:148)
	at com.amazonaws.mturk.cmd.LoadHITs.main(LoadHITs.java:55)
Caused by: java.lang.ClassNotFoundException: org.apache.log.format.Formatter
	at java.net.URLClassLoader.findClass(URLClassLoader.java:381)
	at java.lang.ClassLoader.loadClass(ClassLoader.java:424)
	at sun.misc.Launcher$AppClassLoader.loadClass(Launcher.java:331)
	at java.lang.ClassLoader.loadClass(ClassLoader.java:357)
	... 16 more
2016-04-26 21:09:57,938 - Couldn't find class org.apache.velocity.runtime.log.AvalonLogChute or necessary supporting classes in classpath.
java.lang.NoClassDefFoundError: org/apache/log/format/Formatter
	at java.lang.Class.forName0(Native Method)
	at java.lang.Class.forName(Class.java:348)
	at org.apache.velocity.util.ClassUtils.getClass(ClassUtils.java:63)
	at org.apache.velocity.util.ClassUtils.getNewInstance(ClassUtils.java:95)
	at org.apache.velocity.runtime.log.LogManager.createLogChute(LogManager.java:147)
	at org.apache.velocity.runtime.log.LogManager.updateLog(LogManager.java:208)
	at org.apache.velocity.runtime.RuntimeInstance.initializeLog(RuntimeInstance.java:728)
	at org.apache.velocity.runtime.RuntimeInstance.init(RuntimeInstance.java:240)
	at org.apache.velocity.runtime.RuntimeSingleton.init(RuntimeSingleton.java:113)
	at org.apache.velocity.app.Velocity.init(Velocity.java:83)
	at com.amazonaws.mturk.util.VelocityUtil.doMerge(VelocityUtil.java:34)
	at com.amazonaws.mturk.addon.HITProperties.getMaxAssignments(HITProperties.java:268)
	at com.amazonaws.mturk.cmd.LoadHITs.loadHITs(LoadHITs.java:226)
	at com.amazonaws.mturk.cmd.LoadHITs.runCommand(LoadHITs.java:120)
	at com.amazonaws.mturk.cmd.AbstractCmd.run(AbstractCmd.java:148)
	at com.amazonaws.mturk.cmd.LoadHITs.main(LoadHITs.java:55)
Caused by: java.lang.ClassNotFoundException: org.apache.log.format.Formatter
	at java.net.URLClassLoader.findClass(URLClassLoader.java:381)
	at java.lang.ClassLoader.loadClass(ClassLoader.java:424)
	at sun.misc.Launcher$AppClassLoader.loadClass(Launcher.java:331)
	at java.lang.ClassLoader.loadClass(ClassLoader.java:357)
	... 16 more
2016-04-26 21:09:57,939 - Trying to use logger class org.apache.velocity.runtime.log.Log4JLogChute
2016-04-26 21:09:57,939 - Trying to use logger class org.apache.velocity.runtime.log.Log4JLogChute
2016-04-26 21:09:57,939 - Using logger class org.apache.velocity.runtime.log.Log4JLogChute
2016-04-26 21:09:57,939 - Using logger class org.apache.velocity.runtime.log.Log4JLogChute
2016-04-26 21:09:57,939 - Default ResourceManager initializing. (class org.apache.velocity.runtime.resource.ResourceManagerImpl)
2016-04-26 21:09:57,939 - Default ResourceManager initializing. (class org.apache.velocity.runtime.resource.ResourceManagerImpl)
2016-04-26 21:09:57,939 - ResourceLoader instantiated: org.apache.velocity.runtime.resource.loader.FileResourceLoader
2016-04-26 21:09:57,939 - ResourceLoader instantiated: org.apache.velocity.runtime.resource.loader.FileResourceLoader
2016-04-26 21:09:57,939 - Do unicode file recognition:  false
2016-04-26 21:09:57,939 - Do unicode file recognition:  false
2016-04-26 21:09:57,939 - FileResourceLoader : adding path '.'
2016-04-26 21:09:57,939 - FileResourceLoader : adding path '.'
2016-04-26 21:09:57,939 - ResourceCache: initialized (class org.apache.velocity.runtime.resource.ResourceCacheImpl)
2016-04-26 21:09:57,939 - ResourceCache: initialized (class org.apache.velocity.runtime.resource.ResourceCacheImpl)
2016-04-26 21:09:57,939 - Loaded System Directive: org.apache.velocity.runtime.directive.Literal
2016-04-26 21:09:57,939 - Loaded System Directive: org.apache.velocity.runtime.directive.Literal
2016-04-26 21:09:57,939 - Loaded System Directive: org.apache.velocity.runtime.directive.Macro
2016-04-26 21:09:57,939 - Loaded System Directive: org.apache.velocity.runtime.directive.Macro
2016-04-26 21:09:57,939 - Loaded System Directive: org.apache.velocity.runtime.directive.Parse
2016-04-26 21:09:57,939 - Loaded System Directive: org.apache.velocity.runtime.directive.Parse
2016-04-26 21:09:57,939 - Loaded System Directive: org.apache.velocity.runtime.directive.Include
2016-04-26 21:09:57,939 - Loaded System Directive: org.apache.velocity.runtime.directive.Include
2016-04-26 21:09:57,939 - Loaded System Directive: org.apache.velocity.runtime.directive.Foreach
2016-04-26 21:09:57,939 - Loaded System Directive: org.apache.velocity.runtime.directive.Foreach
2016-04-26 21:09:57,940 - Created '20' parsers.
2016-04-26 21:09:57,940 - Created '20' parsers.
2016-04-26 21:09:57,940 - Velocimacro : "velocimacro.library" is not set.  Trying default library: VM_global_library.vm
2016-04-26 21:09:57,940 - Velocimacro : "velocimacro.library" is not set.  Trying default library: VM_global_library.vm
2016-04-26 21:09:57,940 - Velocimacro : Default library not found.
2016-04-26 21:09:57,940 - Velocimacro : Default library not found.
2016-04-26 21:09:57,940 - Velocimacro : allowInline = true : VMs can be defined inline in templates
2016-04-26 21:09:57,940 - Velocimacro : allowInline = true : VMs can be defined inline in templates
2016-04-26 21:09:57,940 - Velocimacro : allowInlineToOverride = false : VMs defined inline may NOT replace previous VM definitions
2016-04-26 21:09:57,940 - Velocimacro : allowInlineToOverride = false : VMs defined inline may NOT replace previous VM definitions
2016-04-26 21:09:57,941 - Velocimacro : allowInlineLocal = false : VMs defined inline will be global in scope if allowed.
2016-04-26 21:09:57,941 - Velocimacro : allowInlineLocal = false : VMs defined inline will be global in scope if allowed.
2016-04-26 21:09:57,941 - Velocimacro : autoload off : VM system will not automatically reload global library macros
2016-04-26 21:09:57,941 - Velocimacro : autoload off : VM system will not automatically reload global library macros
2016-04-26 21:11:21,143 - Log4JLogChute initialized using file 'velocity.log'
2016-04-26 21:11:21,144 - Starting Apache Velocity v1.5 (compiled: 2007-02-22 08:52:29)
2016-04-26 21:11:21,144 - Default Properties File: org/apache/velocity/runtime/defaults/velocity.properties
2016-04-26 21:11:21,144 - Trying to use logger class org.apache.velocity.runtime.log.AvalonLogChute
2016-04-26 21:11:21,145 - Couldn't find class org.apache.velocity.runtime.log.AvalonLogChute or necessary supporting classes in classpath.
java.lang.NoClassDefFoundError: org/apache/log/format/Formatter
	at java.lang.Class.forName0(Native Method)
	at java.lang.Class.forName(Class.java:348)
	at org.apache.velocity.util.ClassUtils.getClass(ClassUtils.java:63)
	at org.apache.velocity.util.ClassUtils.getNewInstance(ClassUtils.java:95)
	at org.apache.velocity.runtime.log.LogManager.createLogChute(LogManager.java:147)
	at org.apache.velocity.runtime.log.LogManager.updateLog(LogManager.java:208)
	at org.apache.velocity.runtime.RuntimeInstance.initializeLog(RuntimeInstance.java:728)
	at org.apache.velocity.runtime.RuntimeInstance.init(RuntimeInstance.java:240)
	at org.apache.velocity.runtime.RuntimeInstance.init(RuntimeInstance.java:534)
	at org.apache.velocity.app.VelocityEngine.init(VelocityEngine.java:144)
	at com.amazonaws.mturk.addon.HITQuestion.<init>(HITQuestion.java:69)
	at com.amazonaws.mturk.cmd.LoadHITs.loadHITs(LoadHITs.java:185)
	at com.amazonaws.mturk.cmd.LoadHITs.runCommand(LoadHITs.java:120)
	at com.amazonaws.mturk.cmd.AbstractCmd.run(AbstractCmd.java:148)
	at com.amazonaws.mturk.cmd.LoadHITs.main(LoadHITs.java:55)
Caused by: java.lang.ClassNotFoundException: org.apache.log.format.Formatter
	at java.net.URLClassLoader.findClass(URLClassLoader.java:381)
	at java.lang.ClassLoader.loadClass(ClassLoader.java:424)
	at sun.misc.Launcher$AppClassLoader.loadClass(Launcher.java:331)
	at java.lang.ClassLoader.loadClass(ClassLoader.java:357)
	... 15 more
2016-04-26 21:11:21,147 - Trying to use logger class org.apache.velocity.runtime.log.Log4JLogChute
2016-04-26 21:11:21,147 - Using logger class org.apache.velocity.runtime.log.Log4JLogChute
2016-04-26 21:11:21,148 - Default ResourceManager initializing. (class org.apache.velocity.runtime.resource.ResourceManagerImpl)
2016-04-26 21:11:21,153 - ResourceLoader instantiated: org.apache.velocity.runtime.resource.loader.FileResourceLoader
2016-04-26 21:11:21,154 - Do unicode file recognition:  false
2016-04-26 21:11:21,154 - FileResourceLoader : adding path '../samples/simple_survey/newDir6'
2016-04-26 21:11:21,164 - ResourceCache: initialized (class org.apache.velocity.runtime.resource.ResourceCacheImpl)
2016-04-26 21:11:21,165 - Loaded System Directive: org.apache.velocity.runtime.directive.Literal
2016-04-26 21:11:21,167 - Loaded System Directive: org.apache.velocity.runtime.directive.Macro
2016-04-26 21:11:21,170 - Loaded System Directive: org.apache.velocity.runtime.directive.Parse
2016-04-26 21:11:21,172 - Loaded System Directive: org.apache.velocity.runtime.directive.Include
2016-04-26 21:11:21,172 - Loaded System Directive: org.apache.velocity.runtime.directive.Foreach
2016-04-26 21:11:21,191 - Created '20' parsers.
2016-04-26 21:11:21,195 - Velocimacro : "velocimacro.library" is not set.  Trying default library: VM_global_library.vm
2016-04-26 21:11:21,195 - Velocimacro : Default library not found.
2016-04-26 21:11:21,195 - Velocimacro : allowInline = true : VMs can be defined inline in templates
2016-04-26 21:11:21,195 - Velocimacro : allowInlineToOverride = false : VMs defined inline may NOT replace previous VM definitions
2016-04-26 21:11:21,195 - Velocimacro : allowInlineLocal = false : VMs defined inline will be global in scope if allowed.
2016-04-26 21:11:21,195 - Velocimacro : autoload off : VM system will not automatically reload global library macros
2016-04-26 21:11:21,208 - ResourceManager : found simple_survey.question with loader org.apache.velocity.runtime.resource.loader.FileResourceLoader
2016-04-26 21:11:21,216 - Log4JLogChute initialized using file 'velocity.log'
2016-04-26 21:11:21,216 - Log4JLogChute initialized using file 'velocity.log'
2016-04-26 21:11:21,216 - Starting Apache Velocity v1.5 (compiled: 2007-02-22 08:52:29)
2016-04-26 21:11:21,216 - Starting Apache Velocity v1.5 (compiled: 2007-02-22 08:52:29)
2016-04-26 21:11:21,216 - Default Properties File: org/apache/velocity/runtime/defaults/velocity.properties
2016-04-26 21:11:21,216 - Default Properties File: org/apache/velocity/runtime/defaults/velocity.properties
2016-04-26 21:11:21,216 - Trying to use logger class org.apache.velocity.runtime.log.AvalonLogChute
2016-04-26 21:11:21,216 - Trying to use logger class org.apache.velocity.runtime.log.AvalonLogChute
2016-04-26 21:11:21,217 - Couldn't find class org.apache.velocity.runtime.log.AvalonLogChute or necessary supporting classes in classpath.
java.lang.NoClassDefFoundError: org/apache/log/format/Formatter
	at java.lang.Class.forName0(Native Method)
	at java.lang.Class.forName(Class.java:348)
	at org.apache.velocity.util.ClassUtils.getClass(ClassUtils.java:63)
	at org.apache.velocity.util.ClassUtils.getNewInstance(ClassUtils.java:95)
	at org.apache.velocity.runtime.log.LogManager.createLogChute(LogManager.java:147)
	at org.apache.velocity.runtime.log.LogManager.updateLog(LogManager.java:208)
	at org.apache.velocity.runtime.RuntimeInstance.initializeLog(RuntimeInstance.java:728)
	at org.apache.velocity.runtime.RuntimeInstance.init(RuntimeInstance.java:240)
	at org.apache.velocity.runtime.RuntimeSingleton.init(RuntimeSingleton.java:113)
	at org.apache.velocity.app.Velocity.init(Velocity.java:83)
	at com.amazonaws.mturk.util.VelocityUtil.doMerge(VelocityUtil.java:34)
	at com.amazonaws.mturk.addon.HITProperties.getMaxAssignments(HITProperties.java:268)
	at com.amazonaws.mturk.cmd.LoadHITs.loadHITs(LoadHITs.java:226)
	at com.amazonaws.mturk.cmd.LoadHITs.runCommand(LoadHITs.java:120)
	at com.amazonaws.mturk.cmd.AbstractCmd.run(AbstractCmd.java:148)
	at com.amazonaws.mturk.cmd.LoadHITs.main(LoadHITs.java:55)
Caused by: java.lang.ClassNotFoundException: org.apache.log.format.Formatter
	at java.net.URLClassLoader.findClass(URLClassLoader.java:381)
	at java.lang.ClassLoader.loadClass(ClassLoader.java:424)
	at sun.misc.Launcher$AppClassLoader.loadClass(Launcher.java:331)
	at java.lang.ClassLoader.loadClass(ClassLoader.java:357)
	... 16 more
2016-04-26 21:11:21,217 - Couldn't find class org.apache.velocity.runtime.log.AvalonLogChute or necessary supporting classes in classpath.
java.lang.NoClassDefFoundError: org/apache/log/format/Formatter
	at java.lang.Class.forName0(Native Method)
	at java.lang.Class.forName(Class.java:348)
	at org.apache.velocity.util.ClassUtils.getClass(ClassUtils.java:63)
	at org.apache.velocity.util.ClassUtils.getNewInstance(ClassUtils.java:95)
	at org.apache.velocity.runtime.log.LogManager.createLogChute(LogManager.java:147)
	at org.apache.velocity.runtime.log.LogManager.updateLog(LogManager.java:208)
	at org.apache.velocity.runtime.RuntimeInstance.initializeLog(RuntimeInstance.java:728)
	at org.apache.velocity.runtime.RuntimeInstance.init(RuntimeInstance.java:240)
	at org.apache.velocity.runtime.RuntimeSingleton.init(RuntimeSingleton.java:113)
	at org.apache.velocity.app.Velocity.init(Velocity.java:83)
	at com.amazonaws.mturk.util.VelocityUtil.doMerge(VelocityUtil.java:34)
	at com.amazonaws.mturk.addon.HITProperties.getMaxAssignments(HITProperties.java:268)
	at com.amazonaws.mturk.cmd.LoadHITs.loadHITs(LoadHITs.java:226)
	at com.amazonaws.mturk.cmd.LoadHITs.runCommand(LoadHITs.java:120)
	at com.amazonaws.mturk.cmd.AbstractCmd.run(AbstractCmd.java:148)
	at com.amazonaws.mturk.cmd.LoadHITs.main(LoadHITs.java:55)
Caused by: java.lang.ClassNotFoundException: org.apache.log.format.Formatter
	at java.net.URLClassLoader.findClass(URLClassLoader.java:381)
	at java.lang.ClassLoader.loadClass(ClassLoader.java:424)
	at sun.misc.Launcher$AppClassLoader.loadClass(Launcher.java:331)
	at java.lang.ClassLoader.loadClass(ClassLoader.java:357)
	... 16 more
2016-04-26 21:11:21,218 - Trying to use logger class org.apache.velocity.runtime.log.Log4JLogChute
2016-04-26 21:11:21,218 - Trying to use logger class org.apache.velocity.runtime.log.Log4JLogChute
2016-04-26 21:11:21,218 - Using logger class org.apache.velocity.runtime.log.Log4JLogChute
2016-04-26 21:11:21,218 - Using logger class org.apache.velocity.runtime.log.Log4JLogChute
2016-04-26 21:11:21,218 - Default ResourceManager initializing. (class org.apache.velocity.runtime.resource.ResourceManagerImpl)
2016-04-26 21:11:21,218 - Default ResourceManager initializing. (class org.apache.velocity.runtime.resource.ResourceManagerImpl)
2016-04-26 21:11:21,218 - ResourceLoader instantiated: org.apache.velocity.runtime.resource.loader.FileResourceLoader
2016-04-26 21:11:21,218 - ResourceLoader instantiated: org.apache.velocity.runtime.resource.loader.FileResourceLoader
2016-04-26 21:11:21,218 - Do unicode file recognition:  false
2016-04-26 21:11:21,218 - Do unicode file recognition:  false
2016-04-26 21:11:21,218 - FileResourceLoader : adding path '.'
2016-04-26 21:11:21,218 - FileResourceLoader : adding path '.'
2016-04-26 21:11:21,218 - ResourceCache: initialized (class org.apache.velocity.runtime.resource.ResourceCacheImpl)
2016-04-26 21:11:21,218 - ResourceCache: initialized (class org.apache.velocity.runtime.resource.ResourceCacheImpl)
2016-04-26 21:11:21,219 - Loaded System Directive: org.apache.velocity.runtime.directive.Literal
2016-04-26 21:11:21,219 - Loaded System Directive: org.apache.velocity.runtime.directive.Literal
2016-04-26 21:11:21,219 - Loaded System Directive: org.apache.velocity.runtime.directive.Macro
2016-04-26 21:11:21,219 - Loaded System Directive: org.apache.velocity.runtime.directive.Macro
2016-04-26 21:11:21,219 - Loaded System Directive: org.apache.velocity.runtime.directive.Parse
2016-04-26 21:11:21,219 - Loaded System Directive: org.apache.velocity.runtime.directive.Parse
2016-04-26 21:11:21,219 - Loaded System Directive: org.apache.velocity.runtime.directive.Include
2016-04-26 21:11:21,219 - Loaded System Directive: org.apache.velocity.runtime.directive.Include
2016-04-26 21:11:21,219 - Loaded System Directive: org.apache.velocity.runtime.directive.Foreach
2016-04-26 21:11:21,219 - Loaded System Directive: org.apache.velocity.runtime.directive.Foreach
2016-04-26 21:11:21,222 - Created '20' parsers.
2016-04-26 21:11:21,222 - Created '20' parsers.
2016-04-26 21:11:21,222 - Velocimacro : "velocimacro.library" is not set.  Trying default library: VM_global_library.vm
2016-04-26 21:11:21,222 - Velocimacro : "velocimacro.library" is not set.  Trying default library: VM_global_library.vm
2016-04-26 21:11:21,222 - Velocimacro : Default library not found.
2016-04-26 21:11:21,222 - Velocimacro : Default library not found.
2016-04-26 21:11:21,222 - Velocimacro : allowInline = true : VMs can be defined inline in templates
2016-04-26 21:11:21,222 - Velocimacro : allowInline = true : VMs can be defined inline in templates
2016-04-26 21:11:21,222 - Velocimacro : allowInlineToOverride = false : VMs defined inline may NOT replace previous VM definitions
2016-04-26 21:11:21,222 - Velocimacro : allowInlineToOverride = false : VMs defined inline may NOT replace previous VM definitions
2016-04-26 21:11:21,222 - Velocimacro : allowInlineLocal = false : VMs defined inline will be global in scope if allowed.
2016-04-26 21:11:21,222 - Velocimacro : allowInlineLocal = false : VMs defined inline will be global in scope if allowed.
2016-04-26 21:11:21,222 - Velocimacro : autoload off : VM system will not automatically reload global library macros
2016-04-26 21:11:21,222 - Velocimacro : autoload off : VM system will not automatically reload global library macros
