2016-03-25 18:53:24,201 - Trying to use logger class org.apache.velocity.runtime.log.AvalonLogChute
2016-03-25 18:53:24,202 - Couldn't find class org.apache.velocity.runtime.log.AvalonLogChute or necessary supporting classes in classpath.
java.lang.NoClassDefFoundError: org/apache/log/format/Formatter
	at java.lang.Class.forName0(Native Method)
	at java.lang.Class.forName(Class.java:348)
	at org.apache.velocity.util.ClassUtils.getClass(ClassUtils.java:63)
	at org.apache.velocity.util.ClassUtils.getNewInstance(ClassUtils.java:95)
	at org.apache.velocity.runtime.log.LogManager.createLogChute(LogManager.java:147)
	at org.apache.velocity.runtime.log.LogManager.updateLog(LogManager.java:208)
	at org.apache.velocity.runtime.RuntimeInstance.initializeLog(RuntimeInstance.java:728)
	at org.apache.velocity.runtime.RuntimeInstance.init(RuntimeInstance.java:240)
	at org.apache.velocity.runtime.RuntimeInstance.init(RuntimeInstance.java:534)
	at org.apache.velocity.app.VelocityEngine.init(VelocityEngine.java:144)
	at com.amazonaws.mturk.addon.HITQuestion.<init>(HITQuestion.java:69)
	at com.amazonaws.mturk.cmd.LoadHITs.loadHITs(LoadHITs.java:185)
	at com.amazonaws.mturk.cmd.LoadHITs.runCommand(LoadHITs.java:120)
	at com.amazonaws.mturk.cmd.AbstractCmd.run(AbstractCmd.java:148)
	at com.amazonaws.mturk.cmd.LoadHITs.main(LoadHITs.java:55)
Caused by: java.lang.ClassNotFoundException: org.apache.log.format.Formatter
	at java.net.URLClassLoader.findClass(URLClassLoader.java:381)
	at java.lang.ClassLoader.loadClass(ClassLoader.java:424)
	at sun.misc.Launcher$AppClassLoader.loadClass(Launcher.java:331)
	at java.lang.ClassLoader.loadClass(ClassLoader.java:357)
	... 15 more
2016-03-25 18:53:24,203 - Trying to use logger class org.apache.velocity.runtime.log.Log4JLogChute
2016-03-25 18:53:24,203 - Using logger class org.apache.velocity.runtime.log.Log4JLogChute
2016-03-25 18:53:24,206 - Default ResourceManager initializing. (class org.apache.velocity.runtime.resource.ResourceManagerImpl)
2016-03-25 18:53:24,209 - ResourceLoader instantiated: org.apache.velocity.runtime.resource.loader.FileResourceLoader
2016-03-25 18:53:24,210 - Do unicode file recognition:  false
2016-03-25 18:53:24,210 - FileResourceLoader : adding path '../samples/simple_survey/newDir1'
2016-03-25 18:53:24,223 - ResourceCache: initialized (class org.apache.velocity.runtime.resource.ResourceCacheImpl)
2016-03-25 18:53:24,223 - Loaded System Directive: org.apache.velocity.runtime.directive.Literal
2016-03-25 18:53:24,224 - Loaded System Directive: org.apache.velocity.runtime.directive.Macro
2016-03-25 18:53:24,226 - Loaded System Directive: org.apache.velocity.runtime.directive.Parse
2016-03-25 18:53:24,226 - Loaded System Directive: org.apache.velocity.runtime.directive.Include
2016-03-25 18:53:24,227 - Loaded System Directive: org.apache.velocity.runtime.directive.Foreach
2016-03-25 18:53:24,247 - Created '20' parsers.
2016-03-25 18:53:24,250 - Velocimacro : "velocimacro.library" is not set.  Trying default library: VM_global_library.vm
2016-03-25 18:53:24,251 - Velocimacro : Default library not found.
2016-03-25 18:53:24,251 - Velocimacro : allowInline = true : VMs can be defined inline in templates
2016-03-25 18:53:24,251 - Velocimacro : allowInlineToOverride = false : VMs defined inline may NOT replace previous VM definitions
2016-03-25 18:53:24,251 - Velocimacro : allowInlineLocal = false : VMs defined inline will be global in scope if allowed.
2016-03-25 18:53:24,251 - Velocimacro : autoload off : VM system will not automatically reload global library macros
2016-03-25 18:53:24,258 - ResourceManager : found simple_survey.question with loader org.apache.velocity.runtime.resource.loader.FileResourceLoader
2016-03-25 18:53:24,265 - Log4JLogChute initialized using file 'velocity.log'
2016-03-25 18:53:24,265 - Starting Apache Velocity v1.5 (compiled: 2007-02-22 08:52:29)
2016-03-25 18:53:24,265 - Default Properties File: org/apache/velocity/runtime/defaults/velocity.properties
2016-03-25 18:53:24,267 - Trying to use logger class org.apache.velocity.runtime.log.AvalonLogChute
2016-03-25 18:53:24,267 - Couldn't find class org.apache.velocity.runtime.log.AvalonLogChute or necessary supporting classes in classpath.
java.lang.NoClassDefFoundError: org/apache/log/format/Formatter
	at java.lang.Class.forName0(Native Method)
	at java.lang.Class.forName(Class.java:348)
	at org.apache.velocity.util.ClassUtils.getClass(ClassUtils.java:63)
	at org.apache.velocity.util.ClassUtils.getNewInstance(ClassUtils.java:95)
	at org.apache.velocity.runtime.log.LogManager.createLogChute(LogManager.java:147)
	at org.apache.velocity.runtime.log.LogManager.updateLog(LogManager.java:208)
	at org.apache.velocity.runtime.RuntimeInstance.initializeLog(RuntimeInstance.java:728)
	at org.apache.velocity.runtime.RuntimeInstance.init(RuntimeInstance.java:240)
	at org.apache.velocity.runtime.RuntimeSingleton.init(RuntimeSingleton.java:113)
	at org.apache.velocity.app.Velocity.init(Velocity.java:83)
	at com.amazonaws.mturk.util.VelocityUtil.doMerge(VelocityUtil.java:34)
	at com.amazonaws.mturk.addon.HITProperties.getMaxAssignments(HITProperties.java:268)
	at com.amazonaws.mturk.cmd.LoadHITs.loadHITs(LoadHITs.java:226)
	at com.amazonaws.mturk.cmd.LoadHITs.runCommand(LoadHITs.java:120)
	at com.amazonaws.mturk.cmd.AbstractCmd.run(AbstractCmd.java:148)
	at com.amazonaws.mturk.cmd.LoadHITs.main(LoadHITs.java:55)
Caused by: java.lang.ClassNotFoundException: org.apache.log.format.Formatter
	at java.net.URLClassLoader.findClass(URLClassLoader.java:381)
	at java.lang.ClassLoader.loadClass(ClassLoader.java:424)
	at sun.misc.Launcher$AppClassLoader.loadClass(Launcher.java:331)
	at java.lang.ClassLoader.loadClass(ClassLoader.java:357)
	... 16 more
2016-03-25 18:53:24,268 - Trying to use logger class org.apache.velocity.runtime.log.Log4JLogChute
2016-03-25 18:53:24,268 - Using logger class org.apache.velocity.runtime.log.Log4JLogChute
2016-03-25 18:53:24,268 - Default ResourceManager initializing. (class org.apache.velocity.runtime.resource.ResourceManagerImpl)
2016-03-25 18:53:24,268 - ResourceLoader instantiated: org.apache.velocity.runtime.resource.loader.FileResourceLoader
2016-03-25 18:53:24,268 - Do unicode file recognition:  false
2016-03-25 18:53:24,268 - FileResourceLoader : adding path '.'
2016-03-25 18:53:24,268 - ResourceCache: initialized (class org.apache.velocity.runtime.resource.ResourceCacheImpl)
2016-03-25 18:53:24,268 - Loaded System Directive: org.apache.velocity.runtime.directive.Literal
2016-03-25 18:53:24,268 - Loaded System Directive: org.apache.velocity.runtime.directive.Macro
2016-03-25 18:53:24,268 - Loaded System Directive: org.apache.velocity.runtime.directive.Parse
2016-03-25 18:53:24,269 - Loaded System Directive: org.apache.velocity.runtime.directive.Include
2016-03-25 18:53:24,269 - Loaded System Directive: org.apache.velocity.runtime.directive.Foreach
2016-03-25 18:53:24,269 - Created '20' parsers.
2016-03-25 18:53:24,269 - Velocimacro : "velocimacro.library" is not set.  Trying default library: VM_global_library.vm
2016-03-25 18:53:24,269 - Velocimacro : Default library not found.
2016-03-25 18:53:24,269 - Velocimacro : allowInline = true : VMs can be defined inline in templates
2016-03-25 18:53:24,270 - Velocimacro : allowInlineToOverride = false : VMs defined inline may NOT replace previous VM definitions
2016-03-25 18:53:24,270 - Velocimacro : allowInlineLocal = false : VMs defined inline will be global in scope if allowed.
2016-03-25 18:53:24,270 - Velocimacro : autoload off : VM system will not automatically reload global library macros
,268 - Default ResourceManager initializing. (class org.apache.velocity.runtime.resource.ResourceManagerImpl)
2016-03-25 18:53:24,268 - ResourceLoader instantiated: org.apache.velocity.runtime.resource.loader.FileResourceLoader
2016-03-25 18:53:24,268 - Do unicode file recognition:  false
2016-03-25 18:53:24,268 - FileResourceLoader : adding path '.'
2016-03-25 18:53:24,268 - ResourceCache: initialized (class org.apache.velocity.runtime.resource.ResourceCacheImpl)
2016-03-25 18:53:24,268 - Loaded System Directive: org.apache.velocity.runtime.directive.Literal
2016-03-25 18:53:24,268 - Loaded System Directive: org.apache.velocity.runtime.directive.Macro
2016-03-25 18:53:24,268 - Loaded System Directive: org.apache.velocity.runtime.directive.Parse
2016-03-25 18:53:24,269 - Loaded System Directive: org.apache.velocity.runtime.directive.Include
2016-03-25 18:53:24,269 - Loaded System Directive: org.apache.velocity.runtime.directive.Foreach
2016-03-25 18:53:24,269 - Created '20' parsers.
2016-03-25 18:53:24,269 - Velocimacro : "velocimacro.library" is not set.  Trying default library: VM_global_library.vm
2016-03-25 18:53:24,269 - Velocimacro : Default library not found.
2016-03-25 18:53:24,269 - Velocimacro : allowInline = true : VMs can be defined inline in templates
2016-03-25 18:53:24,270 - Velocimacro : allowInlineToOverride = false : VMs defined inline may NOT replace previous VM definitions
2016-03-25 18:53:24,270 - Velocimacro : allowInlineLocal = false : VMs defined inline will be global in scope if allowed.
2016-03-25 18:53:24,270 - Velocimacro : autoload off : VM system will not automatically reload global library macros
2016-03-25 18:54:24,206 - Log4JLogChute initialized using file 'velocity.log'
2016-03-25 18:54:24,207 - Starting Apache Velocity v1.5 (compiled: 2007-02-22 08:52:29)
2016-03-25 18:54:24,207 - Default Properties File: org/apache/velocity/runtime/defaults/velocity.properties
2016-03-25 18:54:24,207 - Trying to use logger class org.apache.velocity.runtime.log.AvalonLogChute
2016-03-25 18:54:24,207 - Couldn't find class org.apache.velocity.runtime.log.AvalonLogChute or necessary supporting classes in classpath.
java.lang.NoClassDefFoundError: org/apache/log/format/Formatter
	at java.lang.Class.forName0(Native Method)
	at java.lang.Class.forName(Class.java:348)
	at org.apache.velocity.util.ClassUtils.getClass(ClassUtils.java:63)
	at org.apache.velocity.util.ClassUtils.getNewInstance(ClassUtils.java:95)
	at org.apache.velocity.runtime.log.LogManager.createLogChute(LogManager.java:147)
	at org.apache.velocity.runtime.log.LogManager.updateLog(LogManager.java:208)
	at org.apache.velocity.runtime.RuntimeInstance.initializeLog(RuntimeInstance.java:728)
	at org.apache.velocity.runtime.RuntimeInstance.init(RuntimeInstance.java:240)
	at org.apache.velocity.runtime.RuntimeInstance.init(RuntimeInstance.java:534)
	at org.apache.velocity.app.VelocityEngine.init(VelocityEngine.java:144)
	at com.amazonaws.mturk.addon.HITQuestion.<init>(HITQuestion.java:69)
	at com.amazonaws.mturk.cmd.LoadHITs.loadHITs(LoadHITs.java:185)
	at com.amazonaws.mturk.cmd.LoadHITs.runCommand(LoadHITs.java:120)
	at com.amazonaws.mturk.cmd.AbstractCmd.run(AbstractCmd.java:148)
	at com.amazonaws.mturk.cmd.LoadHITs.main(LoadHITs.java:55)
Caused by: java.lang.ClassNotFoundException: org.apache.log.format.Formatter
	at java.net.URLClassLoader.findClass(URLClassLoader.java:381)
	at java.lang.ClassLoader.loadClass(ClassLoader.java:424)
	at sun.misc.Launcher$AppClassLoader.loadClass(Launcher.java:331)
	at java.lang.ClassLoader.loadClass(ClassLoader.java:357)
	... 15 more
2016-03-25 18:54:24,208 - Trying to use logger class org.apache.velocity.runtime.log.Log4JLogChute
2016-03-25 18:54:24,208 - Using logger class org.apache.velocity.runtime.log.Log4JLogChute
2016-03-25 18:54:24,210 - Default ResourceManager initializing. (class org.apache.velocity.runtime.resource.ResourceManagerImpl)
2016-03-25 18:54:24,212 - ResourceLoader instantiated: org.apache.velocity.runtime.resource.loader.FileResourceLoader
2016-03-25 18:54:24,212 - Do unicode file recognition:  false
2016-03-25 18:54:24,212 - FileResourceLoader : adding path '../samples/simple_survey/newDir1'
2016-03-25 18:54:24,219 - ResourceCache: initialized (class org.apache.velocity.runtime.resource.ResourceCacheImpl)
2016-03-25 18:54:24,220 - Loaded System Directive: org.apache.velocity.runtime.directive.Literal
2016-03-25 18:54:24,221 - Loaded System Directive: org.apache.velocity.runtime.directive.Macro
2016-03-25 18:54:24,221 - Loaded System Directive: org.apache.velocity.runtime.directive.Parse
2016-03-25 18:54:24,222 - Loaded System Directive: org.apache.velocity.runtime.directive.Include
2016-03-25 18:54:24,223 - Loaded System Directive: org.apache.velocity.runtime.directive.Foreach
2016-03-25 18:54:24,240 - Created '20' parsers.
2016-03-25 18:54:24,243 - Velocimacro : "velocimacro.library" is not set.  Trying default library: VM_global_library.vm
2016-03-25 18:54:24,243 - Velocimacro : Default library not found.
2016-03-25 18:54:24,243 - Velocimacro : allowInline = true : VMs can be defined inline in templates
2016-03-25 18:54:24,243 - Velocimacro : allowInlineToOverride = false : VMs defined inline may NOT replace previous VM definitions
2016-03-25 18:54:24,243 - Velocimacro : allowInlineLocal = false : VMs defined inline will be global in scope if allowed.
2016-03-25 18:54:24,243 - Velocimacro : autoload off : VM system will not automatically reload global library macros
2016-03-25 18:54:24,248 - ResourceManager : found simple_survey.question with loader org.apache.velocity.runtime.resource.loader.FileResourceLoader
2016-03-25 18:54:24,254 - Log4JLogChute initialized using file 'velocity.log'
2016-03-25 18:54:24,254 - Log4JLogChute initialized using file 'velocity.log'
2016-03-25 18:54:24,254 - Starting Apache Velocity v1.5 (compiled: 2007-02-22 08:52:29)
2016-03-25 18:54:24,254 - Starting Apache Velocity v1.5 (compiled: 2007-02-22 08:52:29)
2016-03-25 18:54:24,254 - Default Properties File: org/apache/velocity/runtime/defaults/velocity.properties
2016-03-25 18:54:24,254 - Default Properties File: org/apache/velocity/runtime/defaults/velocity.properties
2016-03-25 18:54:24,256 - Trying to use logger class org.apache.velocity.runtime.log.AvalonLogChute
2016-03-25 18:54:24,256 - Trying to use logger class org.apache.velocity.runtime.log.AvalonLogChute
2016-03-25 18:54:24,256 - Couldn't find class org.apache.velocity.runtime.log.AvalonLogChute or necessary supporting classes in classpath.
java.lang.NoClassDefFoundError: org/apache/log/format/Formatter
	at java.lang.Class.forName0(Native Method)
	at java.lang.Class.forName(Class.java:348)
	at org.apache.velocity.util.ClassUtils.getClass(ClassUtils.java:63)
	at org.apache.velocity.util.ClassUtils.getNewInstance(ClassUtils.java:95)
	at org.apache.velocity.runtime.log.LogManager.createLogChute(LogManager.java:147)
	at org.apache.velocity.runtime.log.LogManager.updateLog(LogManager.java:208)
	at org.apache.velocity.runtime.RuntimeInstance.initializeLog(RuntimeInstance.java:728)
	at org.apache.velocity.runtime.RuntimeInstance.init(RuntimeInstance.java:240)
	at org.apache.velocity.runtime.RuntimeSingleton.init(RuntimeSingleton.java:113)
	at org.apache.velocity.app.Velocity.init(Velocity.java:83)
	at com.amazonaws.mturk.util.VelocityUtil.doMerge(VelocityUtil.java:34)
	at com.amazonaws.mturk.addon.HITProperties.getMaxAssignments(HITProperties.java:268)
	at com.amazonaws.mturk.cmd.LoadHITs.loadHITs(LoadHITs.java:226)
	at com.amazonaws.mturk.cmd.LoadHITs.runCommand(LoadHITs.java:120)
	at com.amazonaws.mturk.cmd.AbstractCmd.run(AbstractCmd.java:148)
	at com.amazonaws.mturk.cmd.LoadHITs.main(LoadHITs.java:55)
Caused by: java.lang.ClassNotFoundException: org.apache.log.format.Formatter
	at java.net.URLClassLoader.findClass(URLClassLoader.java:381)
	at java.lang.ClassLoader.loadClass(ClassLoader.java:424)
	at sun.misc.Launcher$AppClassLoader.loadClass(Launcher.java:331)
	at java.lang.ClassLoader.loadClass(ClassLoader.java:357)
	... 16 more
2016-03-25 18:54:24,256 - Couldn't find class org.apache.velocity.runtime.log.AvalonLogChute or necessary supporting classes in classpath.
java.lang.NoClassDefFoundError: org/apache/log/format/Formatter
	at java.lang.Class.forName0(Native Method)
	at java.lang.Class.forName(Class.java:348)
	at org.apache.velocity.util.ClassUtils.getClass(ClassUtils.java:63)
	at org.apache.velocity.util.ClassUtils.getNewInstance(ClassUtils.java:95)
	at org.apache.velocity.runtime.log.LogManager.createLogChute(LogManager.java:147)
	at org.apache.velocity.runtime.log.LogManager.updateLog(LogManager.java:208)
	at org.apache.velocity.runtime.RuntimeInstance.initializeLog(RuntimeInstance.java:728)
	at org.apache.velocity.runtime.RuntimeInstance.init(RuntimeInstance.java:240)
	at org.apache.velocity.runtime.RuntimeSingleton.init(RuntimeSingleton.java:113)
	at org.apache.velocity.app.Velocity.init(Velocity.java:83)
	at com.amazonaws.mturk.util.VelocityUtil.doMerge(VelocityUtil.java:34)
	at com.amazonaws.mturk.addon.HITProperties.getMaxAssignments(HITProperties.java:268)
	at com.amazonaws.mturk.cmd.LoadHITs.loadHITs(LoadHITs.java:226)
	at com.amazonaws.mturk.cmd.LoadHITs.runCommand(LoadHITs.java:120)
	at com.amazonaws.mturk.cmd.AbstractCmd.run(AbstractCmd.java:148)
	at com.amazonaws.mturk.cmd.LoadHITs.main(LoadHITs.java:55)
Caused by: java.lang.ClassNotFoundException: org.apache.log.format.Formatter
	at java.net.URLClassLoader.findClass(URLClassLoader.java:381)
	at java.lang.ClassLoader.loadClass(ClassLoader.java:424)
	at sun.misc.Launcher$AppClassLoader.loadClass(Launcher.java:331)
	at java.lang.ClassLoader.loadClass(ClassLoader.java:357)
	... 16 more
2016-03-25 18:54:24,257 - Trying to use logger class org.apache.velocity.runtime.log.Log4JLogChute
2016-03-25 18:54:24,257 - Trying to use logger class org.apache.velocity.runtime.log.Log4JLogChute
2016-03-25 18:54:24,257 - Using logger class org.apache.velocity.runtime.log.Log4JLogChute
2016-03-25 18:54:24,257 - Using logger class org.apache.velocity.runtime.log.Log4JLogChute
2016-03-25 18:54:24,257 - Default ResourceManager initializing. (class org.apache.velocity.runtime.resource.ResourceManagerImpl)
2016-03-25 18:54:24,257 - Default ResourceManager initializing. (class org.apache.velocity.runtime.resource.ResourceManagerImpl)
2016-03-25 18:54:24,257 - ResourceLoader instantiated: org.apache.velocity.runtime.resource.loader.FileResourceLoader
2016-03-25 18:54:24,257 - ResourceLoader instantiated: org.apache.velocity.runtime.resource.loader.FileResourceLoader
2016-03-25 18:54:24,257 - Do unicode file recognition:  false
2016-03-25 18:54:24,257 - Do unicode file recognition:  false
2016-03-25 18:54:24,257 - FileResourceLoader : adding path '.'
2016-03-25 18:54:24,257 - FileResourceLoader : adding path '.'
2016-03-25 18:54:24,257 - ResourceCache: initialized (class org.apache.velocity.runtime.resource.ResourceCacheImpl)
2016-03-25 18:54:24,257 - ResourceCache: initialized (class org.apache.velocity.runtime.resource.ResourceCacheImpl)
2016-03-25 18:54:24,257 - Loaded System Directive: org.apache.velocity.runtime.directive.Literal
2016-03-25 18:54:24,257 - Loaded System Directive: org.apache.velocity.runtime.directive.Literal
2016-03-25 18:54:24,257 - Loaded System Directive: org.apache.velocity.runtime.directive.Macro
2016-03-25 18:54:24,257 - Loaded System Directive: org.apache.velocity.runtime.directive.Macro
2016-03-25 18:54:24,257 - Loaded System Directive: org.apache.velocity.runtime.directive.Parse
2016-03-25 18:54:24,257 - Loaded System Directive: org.apache.velocity.runtime.directive.Parse
2016-03-25 18:54:24,257 - Loaded System Directive: org.apache.velocity.runtime.directive.Include
2016-03-25 18:54:24,257 - Loaded System Directive: org.apache.velocity.runtime.directive.Include
2016-03-25 18:54:24,257 - Loaded System Directive: org.apache.velocity.runtime.directive.Foreach
2016-03-25 18:54:24,257 - Loaded System Directive: org.apache.velocity.runtime.directive.Foreach
2016-03-25 18:54:24,258 - Created '20' parsers.
2016-03-25 18:54:24,258 - Created '20' parsers.
2016-03-25 18:54:24,258 - Velocimacro : "velocimacro.library" is not set.  Trying default library: VM_global_library.vm
2016-03-25 18:54:24,258 - Velocimacro : "velocimacro.library" is not set.  Trying default library: VM_global_library.vm
2016-03-25 18:54:24,258 - Velocimacro : Default library not found.
2016-03-25 18:54:24,258 - Velocimacro : Default library not found.
2016-03-25 18:54:24,258 - Velocimacro : allowInline = true : VMs can be defined inline in templates
2016-03-25 18:54:24,258 - Velocimacro : allowInline = true : VMs can be defined inline in templates
2016-03-25 18:54:24,258 - Velocimacro : allowInlineToOverride = false : VMs defined inline may NOT replace previous VM definitions
2016-03-25 18:54:24,258 - Velocimacro : allowInlineToOverride = false : VMs defined inline may NOT replace previous VM definitions
2016-03-25 18:54:24,258 - Velocimacro : allowInlineLocal = false : VMs defined inline will be global in scope if allowed.
2016-03-25 18:54:24,258 - Velocimacro : allowInlineLocal = false : VMs defined inline will be global in scope if allowed.
2016-03-25 18:54:24,258 - Velocimacro : autoload off : VM system will not automatically reload global library macros
2016-03-25 18:54:24,258 - Velocimacro : autoload off : VM system will not automatically reload global library macros
2016-03-25 18:55:02,021 - Log4JLogChute initialized using file 'velocity.log'
2016-03-25 18:55:02,021 - Starting Apache Velocity v1.5 (compiled: 2007-02-22 08:52:29)
2016-03-25 18:55:02,021 - Default Properties File: org/apache/velocity/runtime/defaults/velocity.properties
2016-03-25 18:55:02,021 - Trying to use logger class org.apache.velocity.runtime.log.AvalonLogChute
2016-03-25 18:55:02,022 - Couldn't find class org.apache.velocity.runtime.log.AvalonLogChute or necessary supporting classes in classpath.
java.lang.NoClassDefFoundError: org/apache/log/format/Formatter
	at java.lang.Class.forName0(Native Method)
	at java.lang.Class.forName(Class.java:348)
	at org.apache.velocity.util.ClassUtils.getClass(ClassUtils.java:63)
	at org.apache.velocity.util.ClassUtils.getNewInstance(ClassUtils.java:95)
	at org.apache.velocity.runtime.log.LogManager.createLogChute(LogManager.java:147)
	at org.apache.velocity.runtime.log.LogManager.updateLog(LogManager.java:208)
	at org.apache.velocity.runtime.RuntimeInstance.initializeLog(RuntimeInstance.java:728)
	at org.apache.velocity.runtime.RuntimeInstance.init(RuntimeInstance.java:240)
	at org.apache.velocity.runtime.RuntimeInstance.init(RuntimeInstance.java:534)
	at org.apache.velocity.app.VelocityEngine.init(VelocityEngine.java:144)
	at com.amazonaws.mturk.addon.HITQuestion.<init>(HITQuestion.java:69)
	at com.amazonaws.mturk.cmd.LoadHITs.loadHITs(LoadHITs.java:185)
	at com.amazonaws.mturk.cmd.LoadHITs.runCommand(LoadHITs.java:120)
	at com.amazonaws.mturk.cmd.AbstractCmd.run(AbstractCmd.java:148)
	at com.amazonaws.mturk.cmd.LoadHITs.main(LoadHITs.java:55)
Caused by: java.lang.ClassNotFoundException: org.apache.log.format.Formatter
	at java.net.URLClassLoader.findClass(URLClassLoader.java:381)
	at java.lang.ClassLoader.loadClass(ClassLoader.java:424)
	at sun.misc.Launcher$AppClassLoader.loadClass(Launcher.java:331)
	at java.lang.ClassLoader.loadClass(ClassLoader.java:357)
	... 15 more
2016-03-25 18:55:02,023 - Trying to use logger class org.apache.velocity.runtime.log.Log4JLogChute
2016-03-25 18:55:02,023 - Using logger class org.apache.velocity.runtime.log.Log4JLogChute
2016-03-25 18:55:02,024 - Default ResourceManager initializing. (class org.apache.velocity.runtime.resource.ResourceManagerImpl)
2016-03-25 18:55:02,026 - ResourceLoader instantiated: org.apache.velocity.runtime.resource.loader.FileResourceLoader
2016-03-25 18:55:02,026 - Do unicode file recognition:  false
2016-03-25 18:55:02,026 - FileResourceLoader : adding path '../samples/simple_survey/newDir1'
2016-03-25 18:55:02,033 - ResourceCache: initialized (class org.apache.velocity.runtime.resource.ResourceCacheImpl)
2016-03-25 18:55:02,034 - Loaded System Directive: org.apache.velocity.runtime.directive.Literal
2016-03-25 18:55:02,035 - Loaded System Directive: org.apache.velocity.runtime.directive.Macro
2016-03-25 18:55:02,035 - Loaded System Directive: org.apache.velocity.runtime.directive.Parse
2016-03-25 18:55:02,036 - Loaded System Directive: org.apache.velocity.runtime.directive.Include
2016-03-25 18:55:02,036 - Loaded System Directive: org.apache.velocity.runtime.directive.Foreach
2016-03-25 18:55:02,053 - Created '20' parsers.
2016-03-25 18:55:02,056 - Velocimacro : "velocimacro.library" is not set.  Trying default library: VM_global_library.vm
2016-03-25 18:55:02,056 - Velocimacro : Default library not found.
2016-03-25 18:55:02,056 - Velocimacro : allowInline = true : VMs can be defined inline in templates
2016-03-25 18:55:02,056 - Velocimacro : allowInlineToOverride = false : VMs defined inline may NOT replace previous VM definitions
2016-03-25 18:55:02,056 - Velocimacro : allowInlineLocal = false : VMs defined inline will be global in scope if allowed.
2016-03-25 18:55:02,056 - Velocimacro : autoload off : VM system will not automatically reload global library macros
2016-03-25 18:55:02,061 - ResourceManager : found simple_survey.question with loader org.apache.velocity.runtime.resource.loader.FileResourceLoader
2016-03-25 18:55:02,066 - Log4JLogChute initialized using file 'velocity.log'
2016-03-25 18:55:02,066 - Log4JLogChute initialized using file 'velocity.log'
2016-03-25 18:55:02,066 - Starting Apache Velocity v1.5 (compiled: 2007-02-22 08:52:29)
2016-03-25 18:55:02,066 - Starting Apache Velocity v1.5 (compiled: 2007-02-22 08:52:29)
2016-03-25 18:55:02,066 - Default Properties File: org/apache/velocity/runtime/defaults/velocity.properties
2016-03-25 18:55:02,066 - Default Properties File: org/apache/velocity/runtime/defaults/velocity.properties
2016-03-25 18:55:02,068 - Trying to use logger class org.apache.velocity.runtime.log.AvalonLogChute
2016-03-25 18:55:02,068 - Trying to use logger class org.apache.velocity.runtime.log.AvalonLogChute
2016-03-25 18:55:02,068 - Couldn't find class org.apache.velocity.runtime.log.AvalonLogChute or necessary supporting classes in classpath.
java.lang.NoClassDefFoundError: org/apache/log/format/Formatter
	at java.lang.Class.forName0(Native Method)
	at java.lang.Class.forName(Class.java:348)
	at org.apache.velocity.util.ClassUtils.getClass(ClassUtils.java:63)
	at org.apache.velocity.util.ClassUtils.getNewInstance(ClassUtils.java:95)
	at org.apache.velocity.runtime.log.LogManager.createLogChute(LogManager.java:147)
	at org.apache.velocity.runtime.log.LogManager.updateLog(LogManager.java:208)
	at org.apache.velocity.runtime.RuntimeInstance.initializeLog(RuntimeInstance.java:728)
	at org.apache.velocity.runtime.RuntimeInstance.init(RuntimeInstance.java:240)
	at org.apache.velocity.runtime.RuntimeSingleton.init(RuntimeSingleton.java:113)
	at org.apache.velocity.app.Velocity.init(Velocity.java:83)
	at com.amazonaws.mturk.util.VelocityUtil.doMerge(VelocityUtil.java:34)
	at com.amazonaws.mturk.addon.HITProperties.getMaxAssignments(HITProperties.java:268)
	at com.amazonaws.mturk.cmd.LoadHITs.loadHITs(LoadHITs.java:226)
	at com.amazonaws.mturk.cmd.LoadHITs.runCommand(LoadHITs.java:120)
	at com.amazonaws.mturk.cmd.AbstractCmd.run(AbstractCmd.java:148)
	at com.amazonaws.mturk.cmd.LoadHITs.main(LoadHITs.java:55)
Caused by: java.lang.ClassNotFoundException: org.apache.log.format.Formatter
	at java.net.URLClassLoader.findClass(URLClassLoader.java:381)
	at java.lang.ClassLoader.loadClass(ClassLoader.java:424)
	at sun.misc.Launcher$AppClassLoader.loadClass(Launcher.java:331)
	at java.lang.ClassLoader.loadClass(ClassLoader.java:357)
	... 16 more
2016-03-25 18:55:02,068 - Couldn't find class org.apache.velocity.runtime.log.AvalonLogChute or necessary supporting classes in classpath.
java.lang.NoClassDefFoundError: org/apache/log/format/Formatter
	at java.lang.Class.forName0(Native Method)
	at java.lang.Class.forName(Class.java:348)
	at org.apache.velocity.util.ClassUtils.getClass(ClassUtils.java:63)
	at org.apache.velocity.util.ClassUtils.getNewInstance(ClassUtils.java:95)
	at org.apache.velocity.runtime.log.LogManager.createLogChute(LogManager.java:147)
	at org.apache.velocity.runtime.log.LogManager.updateLog(LogManager.java:208)
	at org.apache.velocity.runtime.RuntimeInstance.initializeLog(RuntimeInstance.java:728)
	at org.apache.velocity.runtime.RuntimeInstance.init(RuntimeInstance.java:240)
	at org.apache.velocity.runtime.RuntimeSingleton.init(RuntimeSingleton.java:113)
	at org.apache.velocity.app.Velocity.init(Velocity.java:83)
	at com.amazonaws.mturk.util.VelocityUtil.doMerge(VelocityUtil.java:34)
	at com.amazonaws.mturk.addon.HITProperties.getMaxAssignments(HITProperties.java:268)
	at com.amazonaws.mturk.cmd.LoadHITs.loadHITs(LoadHITs.java:226)
	at com.amazonaws.mturk.cmd.LoadHITs.runCommand(LoadHITs.java:120)
	at com.amazonaws.mturk.cmd.AbstractCmd.run(AbstractCmd.java:148)
	at com.amazonaws.mturk.cmd.LoadHITs.main(LoadHITs.java:55)
Caused by: java.lang.ClassNotFoundException: org.apache.log.format.Formatter
	at java.net.URLClassLoader.findClass(URLClassLoader.java:381)
	at java.lang.ClassLoader.loadClass(ClassLoader.java:424)
	at sun.misc.Launcher$AppClassLoader.loadClass(Launcher.java:331)
	at java.lang.ClassLoader.loadClass(ClassLoader.java:357)
	... 16 more
2016-03-25 18:55:02,069 - Trying to use logger class org.apache.velocity.runtime.log.Log4JLogChute
2016-03-25 18:55:02,069 - Trying to use logger class org.apache.velocity.runtime.log.Log4JLogChute
2016-03-25 18:55:02,069 - Using logger class org.apache.velocity.runtime.log.Log4JLogChute
2016-03-25 18:55:02,069 - Using logger class org.apache.velocity.runtime.log.Log4JLogChute
2016-03-25 18:55:02,069 - Default ResourceManager initializing. (class org.apache.velocity.runtime.resource.ResourceManagerImpl)
2016-03-25 18:55:02,069 - Default ResourceManager initializing. (class org.apache.velocity.runtime.resource.ResourceManagerImpl)
2016-03-25 18:55:02,069 - ResourceLoader instantiated: org.apache.velocity.runtime.resource.loader.FileResourceLoader
2016-03-25 18:55:02,069 - ResourceLoader instantiated: org.apache.velocity.runtime.resource.loader.FileResourceLoader
2016-03-25 18:55:02,069 - Do unicode file recognition:  false
2016-03-25 18:55:02,069 - Do unicode file recognition:  false
2016-03-25 18:55:02,069 - FileResourceLoader : adding path '.'
2016-03-25 18:55:02,069 - FileResourceLoader : adding path '.'
2016-03-25 18:55:02,069 - ResourceCache: initialized (class org.apache.velocity.runtime.resource.ResourceCacheImpl)
2016-03-25 18:55:02,069 - ResourceCache: initialized (class org.apache.velocity.runtime.resource.ResourceCacheImpl)
2016-03-25 18:55:02,070 - Loaded System Directive: org.apache.velocity.runtime.directive.Literal
2016-03-25 18:55:02,070 - Loaded System Directive: org.apache.velocity.runtime.directive.Literal
2016-03-25 18:55:02,070 - Loaded System Directive: org.apache.velocity.runtime.directive.Macro
2016-03-25 18:55:02,070 - Loaded System Directive: org.apache.velocity.runtime.directive.Macro
2016-03-25 18:55:02,070 - Loaded System Directive: org.apache.velocity.runtime.directive.Parse
2016-03-25 18:55:02,070 - Loaded System Directive: org.apache.velocity.runtime.directive.Parse
2016-03-25 18:55:02,070 - Loaded System Directive: org.apache.velocity.runtime.directive.Include
2016-03-25 18:55:02,070 - Loaded System Directive: org.apache.velocity.runtime.directive.Include
2016-03-25 18:55:02,070 - Loaded System Directive: org.apache.velocity.runtime.directive.Foreach
2016-03-25 18:55:02,070 - Loaded System Directive: org.apache.velocity.runtime.directive.Foreach
2016-03-25 18:55:02,071 - Created '20' parsers.
2016-03-25 18:55:02,071 - Created '20' parsers.
2016-03-25 18:55:02,071 - Velocimacro : "velocimacro.library" is not set.  Trying default library: VM_global_library.vm
2016-03-25 18:55:02,071 - Velocimacro : "velocimacro.library" is not set.  Trying default library: VM_global_library.vm
2016-03-25 18:55:02,071 - Velocimacro : Default library not found.
2016-03-25 18:55:02,071 - Velocimacro : Default library not found.
2016-03-25 18:55:02,071 - Velocimacro : allowInline = true : VMs can be defined inline in templates
2016-03-25 18:55:02,071 - Velocimacro : allowInline = true : VMs can be defined inline in templates
2016-03-25 18:55:02,071 - Velocimacro : allowInlineToOverride = false : VMs defined inline may NOT replace previous VM definitions
2016-03-25 18:55:02,071 - Velocimacro : allowInlineToOverride = false : VMs defined inline may NOT replace previous VM definitions
2016-03-25 18:55:02,071 - Velocimacro : allowInlineLocal = false : VMs defined inline will be global in scope if allowed.
2016-03-25 18:55:02,071 - Velocimacro : allowInlineLocal = false : VMs defined inline will be global in scope if allowed.
2016-03-25 18:55:02,071 - Velocimacro : autoload off : VM system will not automatically reload global library macros
2016-03-25 18:55:02,071 - Velocimacro : autoload off : VM system will not automatically reload global library macros
